#
# There is insufficient memory for the Java Runtime Environment to continue.
# Native memory allocation (malloc) failed to allocate 2567536 bytes for Chunk::new
# Possible reasons:
#   The system is out of physical RAM or swap space
#   The process is running with CompressedOops enabled, and the Java Heap may be blocking the growth of the native heap
# Possible solutions:
#   Reduce memory load on the system
#   Increase physical memory or swap space
#   Check if swap backing store is full
#   Decrease Java heap size (-Xmx/-Xms)
#   Decrease number of Java threads
#   Decrease Java thread stack sizes (-Xss)
#   Set larger code cache with -XX:ReservedCodeCacheSize=
#   JVM is running with Unscaled Compressed Oops mode in which the Java heap is
#     placed in the first 4GB address space. The Java Heap base address is the
#     maximum limit for the native heap growth. Please use -XX:HeapBaseMinAddress
#     to set the Java Heap base and to place the Java Heap above 4GB virtual address.
# This output file may be truncated or incomplete.
#
#  Out of Memory Error (./src/hotspot/share/memory/arena.cpp:197), pid=24424, tid=24244
#
# JRE version: OpenJDK Runtime Environment (11.0.11+9) (build 11.0.11+9-b60-7590822)
# Java VM: OpenJDK 64-Bit Server VM (11.0.11+9-b60-7590822, mixed mode, tiered, compressed oops, g1 gc, windows-amd64)
# No core dump will be written. Minidumps are not enabled by default on client versions of Windows
#

---------------  S U M M A R Y ------------

Command Line: --add-opens=java.base/java.util=ALL-UNNAMED --add-opens=java.base/java.lang=ALL-UNNAMED --add-opens=java.base/java.lang.invoke=ALL-UNNAMED --add-opens=java.base/java.util=ALL-UNNAMED --add-opens=java.prefs/java.util.prefs=ALL-UNNAMED --add-opens=java.prefs/java.util.prefs=ALL-UNNAMED --add-opens=java.base/java.nio.charset=ALL-UNNAMED --add-opens=java.base/java.net=ALL-UNNAMED --add-opens=java.base/java.util.concurrent.atomic=ALL-UNNAMED -Xmx2048m -Dfile.encoding=UTF-8 -Duser.country=US -Duser.language=en -Duser.variant org.gradle.launcher.daemon.bootstrap.GradleDaemon 7.2

Host: 11th Gen Intel(R) Core(TM) i5-1135G7 @ 2.40GHz, 8 cores, 7G,  Windows 10 , 64 bit Build 22000 (10.0.22000.434)
Time: Tue Apr 12 21:57:15 2022 Pakistan Standard Time elapsed time: 2118.209170 seconds (0d 0h 35m 18s)

---------------  T H R E A D  ---------------

Current thread (0x0000013e77256800):  JavaThread "C2 CompilerThread1" daemon [_thread_in_native, id=24244, stack(0x000000260c300000,0x000000260c400000)]


Current CompileTask:
C2:2118209 13088       4       org.apache.xerces.impl.XMLNSDocumentScannerImpl::scanAttribute (586 bytes)

Stack: [0x000000260c300000,0x000000260c400000]
Native frames: (J=compiled Java code, j=interpreted, Vv=VM code, C=native code)
V  [jvm.dll+0x5f214a]
V  [jvm.dll+0x726fb5]
V  [jvm.dll+0x7285cd]
V  [jvm.dll+0x728c83]
V  [jvm.dll+0x243278]
V  [jvm.dll+0xbc53c]
V  [jvm.dll+0xbca3c]
V  [jvm.dll+0x353e3b]
V  [jvm.dll+0x321893]
V  [jvm.dll+0x320d8a]
V  [jvm.dll+0x1fc1e2]
V  [jvm.dll+0x1fb3d4]
V  [jvm.dll+0x183d6c]
V  [jvm.dll+0x209a57]
V  [jvm.dll+0x2082a1]
V  [jvm.dll+0x6ef58f]
V  [jvm.dll+0x6e80b5]
V  [jvm.dll+0x5f1036]
C  [ucrtbase.dll+0x26c0c]
C  [KERNEL32.DLL+0x154e0]
C  [ntdll.dll+0x485b]


---------------  P R O C E S S  ---------------

Threads class SMR info:
_java_thread_list=0x0000013e003e1550, length=134, elements={
0x0000013e55d8c000, 0x0000013e72374800, 0x0000013e72375800, 0x0000013e72d16800,
0x0000013e72d19800, 0x0000013e72d1b000, 0x0000013e72d1d000, 0x0000013e7238a800,
0x0000013e7238d800, 0x0000013e72e70800, 0x0000013e7358f800, 0x0000013e7482c000,
0x0000013e75952800, 0x0000013e7553f800, 0x0000013e7553e000, 0x0000013e7553c000,
0x0000013e7553e800, 0x0000013e75541000, 0x0000013e7553b800, 0x0000013e7553d000,
0x0000013e7571c800, 0x0000013e7571e000, 0x0000013e7571b000, 0x0000013e7571b800,
0x0000013e7571a000, 0x0000013e75718800, 0x0000013e75720800, 0x0000013e75723000,
0x0000013e7a758800, 0x0000013e7a757800, 0x0000013e7a75f800, 0x0000013e7a75b800,
0x0000013e7a75c800, 0x0000013e7a75d000, 0x0000013e7a75a000, 0x0000013e7a760800,
0x0000013e7a763800, 0x0000013e7a761800, 0x0000013e7a762000, 0x0000013e7a75e000,
0x0000013e7a763000, 0x0000013e7a764800, 0x0000013e7a75f000, 0x0000013e7a765800,
0x0000013e7a766000, 0x0000013e7571f000, 0x0000013e7571d800, 0x0000013e75719800,
0x0000013e75720000, 0x0000013e75726800, 0x0000013e75727000, 0x0000013e75540000,
0x0000013e7553a800, 0x0000013e732c2800, 0x0000013e732c3000, 0x0000013e732bf000,
0x0000013e732c0000, 0x0000013e732be800, 0x0000013e732bd800, 0x0000013e732c4000,
0x0000013e732c5000, 0x0000013e732c6800, 0x0000013e732c5800, 0x0000013e732c1000,
0x0000013e732c1800, 0x0000013e732c9800, 0x0000013e732c8000, 0x0000013e732c9000,
0x0000013e732ca800, 0x0000013e732cb800, 0x0000013e732cc000, 0x0000013e732c7800,
0x0000013e7b3d0800, 0x0000013e7b3d4000, 0x0000013e7b3d3000, 0x0000013e7b3d1800,
0x0000013e7b3d2800, 0x0000013e7b3d0000, 0x0000013e7b3d6800, 0x0000013e7b3d7000,
0x0000013e7b3d9000, 0x0000013e7b3d5800, 0x0000013e7b3d4800, 0x0000013e7b3db800,
0x0000013e7b3dd800, 0x0000013e7b3d9800, 0x0000013e7b3da800, 0x0000013e7b3dc000,
0x0000013e7b3dd000, 0x0000013e7b3d8000, 0x0000013e7b3de800, 0x0000013e73ca9000,
0x0000013e73ca5800, 0x0000013e73ca6800, 0x0000013e73ca7800, 0x0000013e73ca8000,
0x0000013e73ca3800, 0x0000013e73caa000, 0x0000013e73ca4000, 0x0000013e73ca5000,
0x0000013e73caa800, 0x0000013e73cad000, 0x0000013e73cb0800, 0x0000013e73cae000,
0x0000013e73cae800, 0x0000013e73cb1000, 0x0000013e73cab800, 0x0000013e73cb2000,
0x0000013e73caf800, 0x0000013e73cac000, 0x0000013e787a0000, 0x0000013e787a1800,
0x0000013e787a6800, 0x0000013e787a1000, 0x0000013e787a7800, 0x0000013e787a3800,
0x0000013e787a4000, 0x0000013e787a5000, 0x0000013e787a6000, 0x0000013e787a2800,
0x0000013e787aa800, 0x0000013e787ab800, 0x0000013e787ac800, 0x0000013e787a9000,
0x0000013e787ad000, 0x0000013e787ae000, 0x0000013e787a8000, 0x0000013e787ae800,
0x0000013e787aa000, 0x0000013e7a8ba000, 0x0000013e7a8bb800, 0x0000013e7a8ba800,
0x0000013e7a8bc800, 0x0000013e77256800
}

Java Threads: ( => current thread )
  0x0000013e55d8c000 JavaThread "main" [_thread_blocked, id=10964, stack(0x0000002609100000,0x0000002609200000)]
  0x0000013e72374800 JavaThread "Reference Handler" daemon [_thread_blocked, id=3680, stack(0x0000002609800000,0x0000002609900000)]
  0x0000013e72375800 JavaThread "Finalizer" daemon [_thread_blocked, id=18572, stack(0x0000002609900000,0x0000002609a00000)]
  0x0000013e72d16800 JavaThread "Signal Dispatcher" daemon [_thread_blocked, id=19828, stack(0x0000002609a00000,0x0000002609b00000)]
  0x0000013e72d19800 JavaThread "Attach Listener" daemon [_thread_blocked, id=2180, stack(0x0000002609b00000,0x0000002609c00000)]
  0x0000013e72d1b000 JavaThread "Service Thread" daemon [_thread_blocked, id=23728, stack(0x0000002609c00000,0x0000002609d00000)]
  0x0000013e72d1d000 JavaThread "C2 CompilerThread0" daemon [_thread_in_native, id=12104, stack(0x0000002609d00000,0x0000002609e00000)]
  0x0000013e7238a800 JavaThread "C1 CompilerThread0" daemon [_thread_blocked, id=4232, stack(0x0000002609e00000,0x0000002609f00000)]
  0x0000013e7238d800 JavaThread "Sweeper thread" daemon [_thread_blocked, id=12248, stack(0x0000002609f00000,0x000000260a000000)]
  0x0000013e72e70800 JavaThread "Common-Cleaner" daemon [_thread_blocked, id=13444, stack(0x000000260a000000,0x000000260a100000)]
  0x0000013e7358f800 JavaThread "Daemon health stats" [_thread_blocked, id=16760, stack(0x000000260a600000,0x000000260a700000)]
  0x0000013e7482c000 JavaThread "Incoming local TCP Connector on port 60502" [_thread_in_native, id=7300, stack(0x000000260a200000,0x000000260a300000)]
  0x0000013e75952800 JavaThread "Daemon periodic checks" [_thread_blocked, id=6892, stack(0x000000260a700000,0x000000260a800000)]
  0x0000013e7553f800 JavaThread "Cache worker for journal cache (C:\Users\majma\.gradle\caches\journal-1)" [_thread_blocked, id=1756, stack(0x000000260b400000,0x000000260b500000)]
  0x0000013e7553e000 JavaThread "File lock request listener" [_thread_in_native, id=20760, stack(0x000000260b500000,0x000000260b600000)]
  0x0000013e7553c000 JavaThread "Cache worker for file hash cache (C:\Users\majma\.gradle\caches\7.2\fileHashes)" [_thread_blocked, id=17516, stack(0x000000260b700000,0x000000260b800000)]
  0x0000013e7553e800 JavaThread "File watcher server" daemon [_thread_in_native, id=9904, stack(0x000000260b900000,0x000000260ba00000)]
  0x0000013e75541000 JavaThread "File watcher consumer" daemon [_thread_blocked, id=21864, stack(0x000000260ba00000,0x000000260bb00000)]
  0x0000013e7553b800 JavaThread "jar transforms" [_thread_blocked, id=7396, stack(0x000000260bb00000,0x000000260bc00000)]
  0x0000013e7553d000 JavaThread "jar transforms Thread 2" [_thread_blocked, id=21948, stack(0x000000260bc00000,0x000000260bd00000)]
  0x0000013e7571c800 JavaThread "jar transforms Thread 3" [_thread_blocked, id=2340, stack(0x000000260bd00000,0x000000260be00000)]
  0x0000013e7571e000 JavaThread "jar transforms Thread 4" [_thread_blocked, id=10268, stack(0x000000260be00000,0x000000260bf00000)]
  0x0000013e7571b000 JavaThread "jar transforms Thread 5" [_thread_blocked, id=15312, stack(0x000000260bf00000,0x000000260c000000)]
  0x0000013e7571b800 JavaThread "jar transforms Thread 6" [_thread_blocked, id=1460, stack(0x000000260c000000,0x000000260c100000)]
  0x0000013e7571a000 JavaThread "jar transforms Thread 7" [_thread_blocked, id=17580, stack(0x000000260c100000,0x000000260c200000)]
  0x0000013e75718800 JavaThread "jar transforms Thread 8" [_thread_blocked, id=11168, stack(0x000000260c200000,0x000000260c300000)]
  0x0000013e75720800 JavaThread "Cache worker for execution history cache (C:\Users\majma\.gradle\caches\7.2\executionHistory)" [_thread_blocked, id=1972, stack(0x000000260c700000,0x000000260c800000)]
  0x0000013e75723000 JavaThread "Cache worker for file content cache (C:\Users\majma\.gradle\caches\7.2\fileContent)" [_thread_blocked, id=14860, stack(0x000000260c800000,0x000000260c900000)]
  0x0000013e7a758800 JavaThread "Memory manager" [_thread_blocked, id=3168, stack(0x0000002611b00000,0x0000002611c00000)]
  0x0000013e7a757800 JavaThread "Daemon Thread 2" [_thread_blocked, id=19276, stack(0x0000002608e00000,0x0000002608f00000)]
  0x0000013e7a75f800 JavaThread "Handler for socket connection from /127.0.0.1:60502 to /127.0.0.1:60692" [_thread_in_native, id=19016, stack(0x0000002608f00000,0x0000002609000000)]
  0x0000013e7a75b800 JavaThread "Cancel handler" [_thread_blocked, id=13172, stack(0x0000002609000000,0x0000002609100000)]
  0x0000013e7a75c800 JavaThread "Daemon worker Thread 2" [_thread_blocked, id=24408, stack(0x000000260a500000,0x000000260a600000)]
  0x0000013e7a75d000 JavaThread "Asynchronous log dispatcher for DefaultDaemonConnection: socket connection from /127.0.0.1:60502 to /127.0.0.1:60692" [_thread_blocked, id=10056, stack(0x000000260a800000,0x000000260a900000)]
  0x0000013e7a75a000 JavaThread "Stdin handler" [_thread_blocked, id=19692, stack(0x000000260a900000,0x000000260aa00000)]
  0x0000013e7a760800 JavaThread "Daemon client event forwarder" [_thread_blocked, id=23912, stack(0x000000260aa00000,0x000000260ab00000)]
  0x0000013e7a763800 JavaThread "Cache worker for file hash cache (C:\Users\majma\FA19_BSE_028_ASS_1\.gradle\7.2\fileHashes)" [_thread_blocked, id=15180, stack(0x000000260ab00000,0x000000260ac00000)]
  0x0000013e7a761800 JavaThread "Cache worker for checksums cache (C:\Users\majma\FA19_BSE_028_ASS_1\.gradle\checksums)" [_thread_blocked, id=22144, stack(0x000000260ac00000,0x000000260ad00000)]
  0x0000013e7a762000 JavaThread "Cache worker for cache directory md-supplier (C:\Users\majma\.gradle\caches\7.2\md-supplier)" [_thread_blocked, id=9240, stack(0x000000260ad00000,0x000000260ae00000)]
  0x0000013e7a75e000 JavaThread "Cache worker for cache directory md-rule (C:\Users\majma\.gradle\caches\7.2\md-rule)" [_thread_blocked, id=23596, stack(0x000000260ae00000,0x000000260af00000)]
  0x0000013e7a763000 JavaThread "Cache worker for dependencies-accessors (C:\Users\majma\FA19_BSE_028_ASS_1\.gradle\7.2\dependencies-accessors)" [_thread_blocked, id=19552, stack(0x000000260b800000,0x000000260b900000)]
  0x0000013e7a764800 JavaThread "Cache worker for Build Output Cleanup Cache (C:\Users\majma\FA19_BSE_028_ASS_1\.gradle\buildOutputCleanup)" [_thread_blocked, id=20904, stack(0x000000260c400000,0x000000260c500000)]
  0x0000013e7a75f000 JavaThread "Unconstrained build operations" [_thread_blocked, id=20784, stack(0x000000260c600000,0x000000260c700000)]
  0x0000013e7a765800 JavaThread "Unconstrained build operations Thread 2" [_thread_blocked, id=20292, stack(0x000000260c900000,0x000000260ca00000)]
  0x0000013e7a766000 JavaThread "Unconstrained build operations Thread 3" [_thread_blocked, id=19840, stack(0x000000260ca00000,0x000000260cb00000)]
  0x0000013e7571f000 JavaThread "Unconstrained build operations Thread 4" [_thread_blocked, id=5636, stack(0x000000260cb00000,0x000000260cc00000)]
  0x0000013e7571d800 JavaThread "Unconstrained build operations Thread 5" [_thread_blocked, id=3060, stack(0x000000260cc00000,0x000000260cd00000)]
  0x0000013e75719800 JavaThread "Unconstrained build operations Thread 6" [_thread_blocked, id=7248, stack(0x000000260cd00000,0x000000260ce00000)]
  0x0000013e75720000 JavaThread "Unconstrained build operations Thread 7" [_thread_blocked, id=22152, stack(0x000000260ce00000,0x000000260cf00000)]
  0x0000013e75726800 JavaThread "Unconstrained build operations Thread 8" [_thread_blocked, id=21416, stack(0x000000260cf00000,0x000000260d000000)]
  0x0000013e75727000 JavaThread "Unconstrained build operations Thread 9" [_thread_blocked, id=10224, stack(0x000000260d000000,0x000000260d100000)]
  0x0000013e75540000 JavaThread "Unconstrained build operations Thread 10" [_thread_blocked, id=23896, stack(0x000000260d100000,0x000000260d200000)]
  0x0000013e7553a800 JavaThread "Unconstrained build operations Thread 11" [_thread_blocked, id=15576, stack(0x000000260d200000,0x000000260d300000)]
  0x0000013e732c2800 JavaThread "Unconstrained build operations Thread 12" [_thread_blocked, id=16964, stack(0x000000260d300000,0x000000260d400000)]
  0x0000013e732c3000 JavaThread "Unconstrained build operations Thread 13" [_thread_blocked, id=22156, stack(0x000000260d400000,0x000000260d500000)]
  0x0000013e732bf000 JavaThread "Unconstrained build operations Thread 14" [_thread_blocked, id=5220, stack(0x000000260d500000,0x000000260d600000)]
  0x0000013e732c0000 JavaThread "Unconstrained build operations Thread 15" [_thread_blocked, id=17112, stack(0x000000260d600000,0x000000260d700000)]
  0x0000013e732be800 JavaThread "Unconstrained build operations Thread 16" [_thread_blocked, id=15588, stack(0x000000260d700000,0x000000260d800000)]
  0x0000013e732bd800 JavaThread "Unconstrained build operations Thread 17" [_thread_blocked, id=7036, stack(0x000000260d800000,0x000000260d900000)]
  0x0000013e732c4000 JavaThread "Unconstrained build operations Thread 18" [_thread_blocked, id=21488, stack(0x000000260d900000,0x000000260da00000)]
  0x0000013e732c5000 JavaThread "Unconstrained build operations Thread 19" [_thread_blocked, id=21812, stack(0x000000260da00000,0x000000260db00000)]
  0x0000013e732c6800 JavaThread "Unconstrained build operations Thread 20" [_thread_blocked, id=13816, stack(0x000000260db00000,0x000000260dc00000)]
  0x0000013e732c5800 JavaThread "Unconstrained build operations Thread 21" [_thread_blocked, id=6568, stack(0x000000260dc00000,0x000000260dd00000)]
  0x0000013e732c1000 JavaThread "Unconstrained build operations Thread 22" [_thread_blocked, id=3448, stack(0x000000260dd00000,0x000000260de00000)]
  0x0000013e732c1800 JavaThread "Unconstrained build operations Thread 23" [_thread_blocked, id=14528, stack(0x000000260de00000,0x000000260df00000)]
  0x0000013e732c9800 JavaThread "Unconstrained build operations Thread 24" [_thread_blocked, id=14728, stack(0x000000260df00000,0x000000260e000000)]
  0x0000013e732c8000 JavaThread "Unconstrained build operations Thread 25" [_thread_blocked, id=19964, stack(0x000000260e000000,0x000000260e100000)]
  0x0000013e732c9000 JavaThread "Unconstrained build operations Thread 26" [_thread_blocked, id=4896, stack(0x000000260e100000,0x000000260e200000)]
  0x0000013e732ca800 JavaThread "Unconstrained build operations Thread 27" [_thread_blocked, id=6920, stack(0x000000260e200000,0x000000260e300000)]
  0x0000013e732cb800 JavaThread "Unconstrained build operations Thread 28" [_thread_blocked, id=9180, stack(0x000000260e300000,0x000000260e400000)]
  0x0000013e732cc000 JavaThread "Unconstrained build operations Thread 29" [_thread_blocked, id=23576, stack(0x000000260e400000,0x000000260e500000)]
  0x0000013e732c7800 JavaThread "Unconstrained build operations Thread 30" [_thread_blocked, id=22640, stack(0x000000260e500000,0x000000260e600000)]
  0x0000013e7b3d0800 JavaThread "Unconstrained build operations Thread 31" [_thread_blocked, id=10548, stack(0x000000260e600000,0x000000260e700000)]
  0x0000013e7b3d4000 JavaThread "Unconstrained build operations Thread 32" [_thread_blocked, id=13368, stack(0x000000260e700000,0x000000260e800000)]
  0x0000013e7b3d3000 JavaThread "Unconstrained build operations Thread 33" [_thread_blocked, id=4216, stack(0x000000260e800000,0x000000260e900000)]
  0x0000013e7b3d1800 JavaThread "Unconstrained build operations Thread 34" [_thread_blocked, id=23032, stack(0x000000260e900000,0x000000260ea00000)]
  0x0000013e7b3d2800 JavaThread "Unconstrained build operations Thread 35" [_thread_blocked, id=16320, stack(0x000000260ea00000,0x000000260eb00000)]
  0x0000013e7b3d0000 JavaThread "Unconstrained build operations Thread 36" [_thread_blocked, id=21976, stack(0x000000260eb00000,0x000000260ec00000)]
  0x0000013e7b3d6800 JavaThread "Unconstrained build operations Thread 37" [_thread_blocked, id=13792, stack(0x000000260ec00000,0x000000260ed00000)]
  0x0000013e7b3d7000 JavaThread "Unconstrained build operations Thread 38" [_thread_blocked, id=16260, stack(0x000000260ed00000,0x000000260ee00000)]
  0x0000013e7b3d9000 JavaThread "Unconstrained build operations Thread 39" [_thread_blocked, id=23228, stack(0x000000260ee00000,0x000000260ef00000)]
  0x0000013e7b3d5800 JavaThread "Unconstrained build operations Thread 40" [_thread_blocked, id=24196, stack(0x000000260ef00000,0x000000260f000000)]
  0x0000013e7b3d4800 JavaThread "Unconstrained build operations Thread 41" [_thread_blocked, id=23672, stack(0x000000260f000000,0x000000260f100000)]
  0x0000013e7b3db800 JavaThread "Unconstrained build operations Thread 42" [_thread_blocked, id=14508, stack(0x000000260f100000,0x000000260f200000)]
  0x0000013e7b3dd800 JavaThread "Unconstrained build operations Thread 43" [_thread_blocked, id=18068, stack(0x000000260f200000,0x000000260f300000)]
  0x0000013e7b3d9800 JavaThread "Unconstrained build operations Thread 44" [_thread_blocked, id=7952, stack(0x000000260f300000,0x000000260f400000)]
  0x0000013e7b3da800 JavaThread "Unconstrained build operations Thread 45" [_thread_blocked, id=18912, stack(0x000000260f400000,0x000000260f500000)]
  0x0000013e7b3dc000 JavaThread "Unconstrained build operations Thread 46" [_thread_blocked, id=13908, stack(0x000000260f500000,0x000000260f600000)]
  0x0000013e7b3dd000 JavaThread "Unconstrained build operations Thread 47" [_thread_blocked, id=19736, stack(0x000000260f600000,0x000000260f700000)]
  0x0000013e7b3d8000 JavaThread "Unconstrained build operations Thread 48" [_thread_blocked, id=8356, stack(0x000000260f700000,0x000000260f800000)]
  0x0000013e7b3de800 JavaThread "Unconstrained build operations Thread 49" [_thread_blocked, id=24240, stack(0x000000260f800000,0x000000260f900000)]
  0x0000013e73ca9000 JavaThread "Unconstrained build operations Thread 50" [_thread_blocked, id=18996, stack(0x000000260f900000,0x000000260fa00000)]
  0x0000013e73ca5800 JavaThread "Unconstrained build operations Thread 51" [_thread_blocked, id=18772, stack(0x000000260fa00000,0x000000260fb00000)]
  0x0000013e73ca6800 JavaThread "Unconstrained build operations Thread 52" [_thread_blocked, id=15144, stack(0x000000260fb00000,0x000000260fc00000)]
  0x0000013e73ca7800 JavaThread "Unconstrained build operations Thread 53" [_thread_blocked, id=14964, stack(0x000000260fc00000,0x000000260fd00000)]
  0x0000013e73ca8000 JavaThread "Unconstrained build operations Thread 54" [_thread_blocked, id=1864, stack(0x000000260fd00000,0x000000260fe00000)]
  0x0000013e73ca3800 JavaThread "Unconstrained build operations Thread 55" [_thread_blocked, id=22936, stack(0x000000260fe00000,0x000000260ff00000)]
  0x0000013e73caa000 JavaThread "Unconstrained build operations Thread 56" [_thread_blocked, id=19308, stack(0x000000260ff00000,0x0000002610000000)]
  0x0000013e73ca4000 JavaThread "Unconstrained build operations Thread 57" [_thread_blocked, id=10880, stack(0x0000002610000000,0x0000002610100000)]
  0x0000013e73ca5000 JavaThread "Unconstrained build operations Thread 58" [_thread_blocked, id=11252, stack(0x0000002610100000,0x0000002610200000)]
  0x0000013e73caa800 JavaThread "Unconstrained build operations Thread 59" [_thread_blocked, id=10292, stack(0x0000002610200000,0x0000002610300000)]
  0x0000013e73cad000 JavaThread "Unconstrained build operations Thread 60" [_thread_blocked, id=13192, stack(0x0000002610300000,0x0000002610400000)]
  0x0000013e73cb0800 JavaThread "Unconstrained build operations Thread 61" [_thread_blocked, id=18336, stack(0x0000002610400000,0x0000002610500000)]
  0x0000013e73cae000 JavaThread "Unconstrained build operations Thread 62" [_thread_blocked, id=13076, stack(0x0000002610500000,0x0000002610600000)]
  0x0000013e73cae800 JavaThread "Unconstrained build operations Thread 63" [_thread_blocked, id=15192, stack(0x0000002610600000,0x0000002610700000)]
  0x0000013e73cb1000 JavaThread "Unconstrained build operations Thread 64" [_thread_blocked, id=16272, stack(0x0000002610700000,0x0000002610800000)]
  0x0000013e73cab800 JavaThread "Unconstrained build operations Thread 65" [_thread_blocked, id=21440, stack(0x0000002610800000,0x0000002610900000)]
  0x0000013e73cb2000 JavaThread "Unconstrained build operations Thread 66" [_thread_blocked, id=15732, stack(0x0000002610900000,0x0000002610a00000)]
  0x0000013e73caf800 JavaThread "Unconstrained build operations Thread 67" [_thread_blocked, id=16500, stack(0x0000002610a00000,0x0000002610b00000)]
  0x0000013e73cac000 JavaThread "Unconstrained build operations Thread 68" [_thread_blocked, id=14248, stack(0x0000002610b00000,0x0000002610c00000)]
  0x0000013e787a0000 JavaThread "Unconstrained build operations Thread 69" [_thread_blocked, id=8952, stack(0x0000002610c00000,0x0000002610d00000)]
  0x0000013e787a1800 JavaThread "Unconstrained build operations Thread 70" [_thread_blocked, id=13588, stack(0x0000002610d00000,0x0000002610e00000)]
  0x0000013e787a6800 JavaThread "Unconstrained build operations Thread 71" [_thread_blocked, id=3752, stack(0x0000002610e00000,0x0000002610f00000)]
  0x0000013e787a1000 JavaThread "Unconstrained build operations Thread 72" [_thread_blocked, id=22864, stack(0x0000002610f00000,0x0000002611000000)]
  0x0000013e787a7800 JavaThread "Unconstrained build operations Thread 73" [_thread_blocked, id=12996, stack(0x0000002611000000,0x0000002611100000)]
  0x0000013e787a3800 JavaThread "Unconstrained build operations Thread 74" [_thread_blocked, id=11036, stack(0x0000002611100000,0x0000002611200000)]
  0x0000013e787a4000 JavaThread "Unconstrained build operations Thread 75" [_thread_blocked, id=21448, stack(0x0000002611200000,0x0000002611300000)]
  0x0000013e787a5000 JavaThread "Unconstrained build operations Thread 76" [_thread_blocked, id=7196, stack(0x0000002611300000,0x0000002611400000)]
  0x0000013e787a6000 JavaThread "Unconstrained build operations Thread 77" [_thread_blocked, id=19816, stack(0x0000002611400000,0x0000002611500000)]
  0x0000013e787a2800 JavaThread "Unconstrained build operations Thread 78" [_thread_blocked, id=16440, stack(0x0000002611500000,0x0000002611600000)]
  0x0000013e787aa800 JavaThread "Unconstrained build operations Thread 79" [_thread_blocked, id=14412, stack(0x0000002611600000,0x0000002611700000)]
  0x0000013e787ab800 JavaThread "Unconstrained build operations Thread 80" [_thread_blocked, id=19128, stack(0x0000002611700000,0x0000002611800000)]
  0x0000013e787ac800 JavaThread "build event listener" [_thread_blocked, id=6460, stack(0x0000002611800000,0x0000002611900000)]
  0x0000013e787a9000 JavaThread "Execution worker for ':'" [_thread_blocked, id=18816, stack(0x0000002611900000,0x0000002611a00000)]
  0x0000013e787ad000 JavaThread "Execution worker for ':' Thread 2" [_thread_blocked, id=7084, stack(0x0000002611a00000,0x0000002611b00000)]
  0x0000013e787ae000 JavaThread "Execution worker for ':' Thread 3" [_thread_blocked, id=22616, stack(0x0000002611c00000,0x0000002611d00000)]
  0x0000013e787a8000 JavaThread "Execution worker for ':' Thread 4" [_thread_blocked, id=23784, stack(0x0000002611d00000,0x0000002611e00000)]
  0x0000013e787ae800 JavaThread "Execution worker for ':' Thread 5" [_thread_in_Java, id=5560, stack(0x0000002611e00000,0x0000002611f00000)]
  0x0000013e787aa000 JavaThread "Execution worker for ':' Thread 6" [_thread_blocked, id=15856, stack(0x0000002611f00000,0x0000002612000000)]
  0x0000013e7a8ba000 JavaThread "Execution worker for ':' Thread 7" [_thread_blocked, id=3028, stack(0x0000002612000000,0x0000002612100000)]
  0x0000013e7a8bb800 JavaThread "Cache worker for execution history cache (C:\Users\majma\FA19_BSE_028_ASS_1\.gradle\7.2\executionHistory)" [_thread_blocked, id=9976, stack(0x0000002612100000,0x0000002612200000)]
  0x0000013e7a8ba800 JavaThread "WorkerExecutor Queue" [_thread_blocked, id=13636, stack(0x0000002612200000,0x0000002612300000)]
  0x0000013e7a8bc800 JavaThread "WorkerExecutor Queue Thread 2" [_thread_blocked, id=14024, stack(0x0000002612300000,0x0000002612400000)]
=>0x0000013e77256800 JavaThread "C2 CompilerThread1" daemon [_thread_in_native, id=24244, stack(0x000000260c300000,0x000000260c400000)]

Other Threads:
  0x0000013e72370000 VMThread "VM Thread" [stack: 0x0000002609700000,0x0000002609800000] [id=13832]
  0x0000013e72e86800 WatcherThread [stack: 0x000000260a100000,0x000000260a200000] [id=21204]
  0x0000013e57f17000 GCTaskThread "GC Thread#0" [stack: 0x0000002609200000,0x0000002609300000] [id=16960]
  0x0000013e738ce800 GCTaskThread "GC Thread#1" [stack: 0x000000260a300000,0x000000260a400000] [id=19992]
  0x0000013e7404f000 GCTaskThread "GC Thread#2" [stack: 0x000000260a400000,0x000000260a500000] [id=13776]
  0x0000013e752d0000 GCTaskThread "GC Thread#3" [stack: 0x000000260af00000,0x000000260b000000] [id=22580]
  0x0000013e7538b800 GCTaskThread "GC Thread#4" [stack: 0x000000260b000000,0x000000260b100000] [id=11544]
  0x0000013e74bc1000 GCTaskThread "GC Thread#5" [stack: 0x000000260b100000,0x000000260b200000] [id=2972]
  0x0000013e757b9000 GCTaskThread "GC Thread#6" [stack: 0x000000260b200000,0x000000260b300000] [id=6152]
  0x0000013e73fcf800 GCTaskThread "GC Thread#7" [stack: 0x000000260b300000,0x000000260b400000] [id=20504]
  0x0000013e57f48800 ConcurrentGCThread "G1 Main Marker" [stack: 0x0000002609300000,0x0000002609400000] [id=7268]
  0x0000013e57f4a000 ConcurrentGCThread "G1 Conc#0" [stack: 0x0000002609400000,0x0000002609500000] [id=18976]
  0x0000013e7556e800 ConcurrentGCThread "G1 Conc#1" [stack: 0x000000260b600000,0x000000260b700000] [id=592]
  0x0000013e721c0800 ConcurrentGCThread "G1 Refine#0" [stack: 0x0000002609500000,0x0000002609600000] [id=16884]
  0x0000013e721c1800 ConcurrentGCThread "G1 Young RemSet Sampling" [stack: 0x0000002609600000,0x0000002609700000] [id=17860]

Threads with active compile tasks:
C2 CompilerThread02118241 13213       4       org.apache.xerces.impl.XMLScanner::setProperty (105 bytes)
C2 CompilerThread12118241 13088       4       org.apache.xerces.impl.XMLNSDocumentScannerImpl::scanAttribute (586 bytes)

VM state:not at safepoint (normal execution)

VM Mutex/Monitor currently owned by a thread: None

Heap address: 0x0000000080000000, size: 2048 MB, Compressed Oops mode: 32-bit
Narrow klass base: 0x0000000000000000, Narrow klass shift: 3
Compressed class space size: 1073741824 Address: 0x0000000100000000

Heap:
 garbage-first heap   total 225280K, used 165683K [0x0000000080000000, 0x0000000100000000)
  region size 1024K, 43 young (44032K), 8 survivors (8192K)
 Metaspace       used 101056K, capacity 103579K, committed 104704K, reserved 1140736K
  class space    used 12827K, capacity 13759K, committed 14080K, reserved 1048576K
Heap Regions: E=young(eden), S=young(survivor), O=old, HS=humongous(starts), HC=humongous(continues), CS=collection set, F=free, A=archive, TAMS=top-at-mark-start (previous, next)
|   0|0x0000000080000000, 0x0000000080100000, 0x0000000080100000|100%| O|  |TAMS 0x0000000080100000, 0x0000000080000000| Untracked 
|   1|0x0000000080100000, 0x0000000080200000, 0x0000000080200000|100%| O|  |TAMS 0x0000000080200000, 0x0000000080100000| Complete 
|   2|0x0000000080200000, 0x0000000080300000, 0x0000000080300000|100%| O|  |TAMS 0x0000000080300000, 0x0000000080200000| Untracked 
|   3|0x0000000080300000, 0x0000000080400000, 0x0000000080400000|100%|HS|  |TAMS 0x0000000080400000, 0x0000000080300000| Complete 
|   4|0x0000000080400000, 0x0000000080500000, 0x0000000080500000|100%|HC|  |TAMS 0x0000000080500000, 0x0000000080400000| Complete 
|   5|0x0000000080500000, 0x0000000080600000, 0x0000000080600000|100%|HC|  |TAMS 0x0000000080600000, 0x0000000080500000| Complete 
|   6|0x0000000080600000, 0x0000000080700000, 0x0000000080700000|100%| O|  |TAMS 0x0000000080700000, 0x0000000080600000| Untracked 
|   7|0x0000000080700000, 0x0000000080800000, 0x0000000080800000|100%| O|  |TAMS 0x0000000080800000, 0x0000000080700000| Untracked 
|   8|0x0000000080800000, 0x0000000080900000, 0x0000000080900000|100%| O|  |TAMS 0x0000000080900000, 0x0000000080800000| Untracked 
|   9|0x0000000080900000, 0x0000000080a00000, 0x0000000080a00000|100%| O|  |TAMS 0x0000000080a00000, 0x0000000080900000| Untracked 
|  10|0x0000000080a00000, 0x0000000080b00000, 0x0000000080b00000|100%| O|  |TAMS 0x0000000080b00000, 0x0000000080a00000| Untracked 
|  11|0x0000000080b00000, 0x0000000080c00000, 0x0000000080c00000|100%| O|  |TAMS 0x0000000080c00000, 0x0000000080b00000| Untracked 
|  12|0x0000000080c00000, 0x0000000080d00000, 0x0000000080d00000|100%| O|  |TAMS 0x0000000080d00000, 0x0000000080c00000| Complete 
|  13|0x0000000080d00000, 0x0000000080e00000, 0x0000000080e00000|100%| O|  |TAMS 0x0000000080e00000, 0x0000000080d00000| Untracked 
|  14|0x0000000080e00000, 0x0000000080f00000, 0x0000000080f00000|100%| O|  |TAMS 0x0000000080f00000, 0x0000000080e00000| Untracked 
|  15|0x0000000080f00000, 0x0000000081000000, 0x0000000081000000|100%| O|  |TAMS 0x0000000081000000, 0x0000000080f00000| Complete 
|  16|0x0000000081000000, 0x0000000081100000, 0x0000000081100000|100%|HS|  |TAMS 0x0000000081100000, 0x0000000081000000| Complete 
|  17|0x0000000081100000, 0x0000000081200000, 0x0000000081200000|100%|HC|  |TAMS 0x0000000081200000, 0x0000000081100000| Complete 
|  18|0x0000000081200000, 0x0000000081300000, 0x0000000081300000|100%|HS|  |TAMS 0x0000000081300000, 0x0000000081200000| Complete 
|  19|0x0000000081300000, 0x0000000081400000, 0x0000000081400000|100%|HC|  |TAMS 0x0000000081400000, 0x0000000081300000| Complete 
|  20|0x0000000081400000, 0x0000000081500000, 0x0000000081500000|100%|HC|  |TAMS 0x0000000081500000, 0x0000000081400000| Complete 
|  21|0x0000000081500000, 0x0000000081600000, 0x0000000081600000|100%|HS|  |TAMS 0x0000000081600000, 0x0000000081500000| Complete 
|  22|0x0000000081600000, 0x0000000081700000, 0x0000000081700000|100%|HC|  |TAMS 0x0000000081700000, 0x0000000081600000| Complete 
|  23|0x0000000081700000, 0x0000000081800000, 0x0000000081800000|100%|HC|  |TAMS 0x0000000081800000, 0x0000000081700000| Complete 
|  24|0x0000000081800000, 0x0000000081900000, 0x0000000081900000|100%|HC|  |TAMS 0x0000000081900000, 0x0000000081800000| Complete 
|  25|0x0000000081900000, 0x0000000081a00000, 0x0000000081a00000|100%| O|  |TAMS 0x0000000081a00000, 0x0000000081900000| Complete 
|  26|0x0000000081a00000, 0x0000000081b00000, 0x0000000081b00000|100%| O|  |TAMS 0x0000000081b00000, 0x0000000081a00000| Complete 
|  27|0x0000000081b00000, 0x0000000081c00000, 0x0000000081c00000|100%| O|  |TAMS 0x0000000081c00000, 0x0000000081b00000| Untracked 
|  28|0x0000000081c00000, 0x0000000081d00000, 0x0000000081d00000|100%| O|  |TAMS 0x0000000081d00000, 0x0000000081c00000| Untracked 
|  29|0x0000000081d00000, 0x0000000081e00000, 0x0000000081e00000|100%| O|  |TAMS 0x0000000081e00000, 0x0000000081d00000| Complete 
|  30|0x0000000081e00000, 0x0000000081f00000, 0x0000000081f00000|100%| O|  |TAMS 0x0000000081f00000, 0x0000000081e00000| Complete 
|  31|0x0000000081f00000, 0x0000000082000000, 0x0000000082000000|100%| O|  |TAMS 0x0000000082000000, 0x0000000081f00000| Complete 
|  32|0x0000000082000000, 0x0000000082100000, 0x0000000082100000|100%| O|  |TAMS 0x0000000082100000, 0x0000000082000000| Complete 
|  33|0x0000000082100000, 0x0000000082200000, 0x0000000082200000|100%|HS|  |TAMS 0x0000000082200000, 0x0000000082100000| Complete 
|  34|0x0000000082200000, 0x0000000082300000, 0x0000000082300000|100%|HC|  |TAMS 0x0000000082300000, 0x0000000082200000| Complete 
|  35|0x0000000082300000, 0x0000000082400000, 0x0000000082400000|100%|HC|  |TAMS 0x0000000082400000, 0x0000000082300000| Complete 
|  36|0x0000000082400000, 0x0000000082500000, 0x0000000082500000|100%| O|  |TAMS 0x0000000082500000, 0x0000000082400000| Complete 
|  37|0x0000000082500000, 0x0000000082600000, 0x0000000082600000|100%| O|  |TAMS 0x0000000082600000, 0x0000000082500000| Complete 
|  38|0x0000000082600000, 0x0000000082700000, 0x0000000082700000|100%| O|  |TAMS 0x0000000082700000, 0x0000000082600000| Untracked 
|  39|0x0000000082700000, 0x0000000082800000, 0x0000000082800000|100%| O|  |TAMS 0x0000000082800000, 0x0000000082700000| Complete 
|  40|0x0000000082800000, 0x0000000082900000, 0x0000000082900000|100%| O|  |TAMS 0x0000000082900000, 0x0000000082800000| Complete 
|  41|0x0000000082900000, 0x0000000082a00000, 0x0000000082a00000|100%| O|  |TAMS 0x0000000082a00000, 0x0000000082900000| Complete 
|  42|0x0000000082a00000, 0x0000000082b00000, 0x0000000082b00000|100%|HS|  |TAMS 0x0000000082b00000, 0x0000000082a00000| Complete 
|  43|0x0000000082b00000, 0x0000000082c00000, 0x0000000082c00000|100%|HC|  |TAMS 0x0000000082c00000, 0x0000000082b00000| Complete 
|  44|0x0000000082c00000, 0x0000000082d00000, 0x0000000082d00000|100%|HC|  |TAMS 0x0000000082d00000, 0x0000000082c00000| Complete 
|  45|0x0000000082d00000, 0x0000000082e00000, 0x0000000082e00000|100%|HC|  |TAMS 0x0000000082e00000, 0x0000000082d00000| Complete 
|  46|0x0000000082e00000, 0x0000000082f00000, 0x0000000082f00000|100%| O|  |TAMS 0x0000000082f00000, 0x0000000082e00000| Complete 
|  47|0x0000000082f00000, 0x0000000083000000, 0x0000000083000000|100%| O|  |TAMS 0x0000000083000000, 0x0000000082f00000| Complete 
|  48|0x0000000083000000, 0x0000000083100000, 0x0000000083100000|100%| O|  |TAMS 0x0000000083100000, 0x0000000083000000| Complete 
|  49|0x0000000083100000, 0x0000000083200000, 0x0000000083200000|100%| O|  |TAMS 0x0000000083200000, 0x0000000083100000| Complete 
|  50|0x0000000083200000, 0x0000000083300000, 0x0000000083300000|100%| O|  |TAMS 0x0000000083300000, 0x0000000083200000| Complete 
|  51|0x0000000083300000, 0x0000000083400000, 0x0000000083400000|100%| O|  |TAMS 0x0000000083400000, 0x0000000083300000| Complete 
|  52|0x0000000083400000, 0x0000000083500000, 0x0000000083500000|100%| O|  |TAMS 0x0000000083500000, 0x0000000083400000| Complete 
|  53|0x0000000083500000, 0x0000000083600000, 0x0000000083600000|100%|HS|  |TAMS 0x0000000083600000, 0x0000000083500000| Complete 
|  54|0x0000000083600000, 0x0000000083700000, 0x0000000083700000|100%|HS|  |TAMS 0x0000000083700000, 0x0000000083600000| Complete 
|  55|0x0000000083700000, 0x0000000083800000, 0x0000000083800000|100%|HS|  |TAMS 0x0000000083800000, 0x0000000083700000| Complete 
|  56|0x0000000083800000, 0x0000000083900000, 0x0000000083900000|100%|HS|  |TAMS 0x0000000083900000, 0x0000000083800000| Complete 
|  57|0x0000000083900000, 0x0000000083a00000, 0x0000000083a00000|100%|HC|  |TAMS 0x0000000083a00000, 0x0000000083900000| Complete 
|  58|0x0000000083a00000, 0x0000000083b00000, 0x0000000083b00000|100%| O|  |TAMS 0x0000000083b00000, 0x0000000083a00000| Complete 
|  59|0x0000000083b00000, 0x0000000083c00000, 0x0000000083c00000|100%| O|  |TAMS 0x0000000083c00000, 0x0000000083b00000| Complete 
|  60|0x0000000083c00000, 0x0000000083d00000, 0x0000000083d00000|100%| O|  |TAMS 0x0000000083d00000, 0x0000000083c00000| Untracked 
|  61|0x0000000083d00000, 0x0000000083e00000, 0x0000000083e00000|100%| O|  |TAMS 0x0000000083e00000, 0x0000000083d00000| Untracked 
|  62|0x0000000083e00000, 0x0000000083f00000, 0x0000000083f00000|100%| O|  |TAMS 0x0000000083f00000, 0x0000000083e00000| Untracked 
|  63|0x0000000083f00000, 0x0000000084000000, 0x0000000084000000|100%| O|  |TAMS 0x0000000084000000, 0x0000000083f00000| Untracked 
|  64|0x0000000084000000, 0x0000000084100000, 0x0000000084100000|100%| O|  |TAMS 0x0000000084100000, 0x0000000084000000| Untracked 
|  65|0x0000000084100000, 0x0000000084200000, 0x0000000084200000|100%| O|  |TAMS 0x0000000084200000, 0x0000000084100000| Untracked 
|  66|0x0000000084200000, 0x0000000084300000, 0x0000000084300000|100%| O|  |TAMS 0x0000000084300000, 0x0000000084200000| Complete 
|  67|0x0000000084300000, 0x0000000084400000, 0x0000000084400000|100%| O|  |TAMS 0x0000000084400000, 0x0000000084300000| Complete 
|  68|0x0000000084400000, 0x0000000084500000, 0x0000000084500000|100%| O|  |TAMS 0x0000000084500000, 0x0000000084400000| Complete 
|  69|0x0000000084500000, 0x0000000084600000, 0x0000000084600000|100%| O|  |TAMS 0x0000000084600000, 0x0000000084500000| Complete 
|  70|0x0000000084600000, 0x0000000084700000, 0x0000000084700000|100%| O|  |TAMS 0x0000000084700000, 0x0000000084600000| Complete 
|  71|0x0000000084700000, 0x0000000084800000, 0x0000000084800000|100%| O|  |TAMS 0x0000000084800000, 0x0000000084700000| Complete 
|  72|0x0000000084800000, 0x0000000084900000, 0x0000000084900000|100%| O|  |TAMS 0x0000000084900000, 0x0000000084800000| Complete 
|  73|0x0000000084900000, 0x0000000084a00000, 0x0000000084a00000|100%| O|  |TAMS 0x0000000084a00000, 0x0000000084900000| Complete 
|  74|0x0000000084a00000, 0x0000000084b00000, 0x0000000084b00000|100%| O|  |TAMS 0x0000000084b00000, 0x0000000084a00000| Complete 
|  75|0x0000000084b00000, 0x0000000084c00000, 0x0000000084c00000|100%| O|  |TAMS 0x0000000084c00000, 0x0000000084b00000| Complete 
|  76|0x0000000084c00000, 0x0000000084d00000, 0x0000000084d00000|100%|HS|  |TAMS 0x0000000084d00000, 0x0000000084c00000| Complete 
|  77|0x0000000084d00000, 0x0000000084e00000, 0x0000000084e00000|100%|HC|  |TAMS 0x0000000084e00000, 0x0000000084d00000| Complete 
|  78|0x0000000084e00000, 0x0000000084f00000, 0x0000000084f00000|100%|HS|  |TAMS 0x0000000084f00000, 0x0000000084e00000| Complete 
|  79|0x0000000084f00000, 0x0000000085000000, 0x0000000085000000|100%|HC|  |TAMS 0x0000000085000000, 0x0000000084f00000| Complete 
|  80|0x0000000085000000, 0x0000000085100000, 0x0000000085100000|100%|HC|  |TAMS 0x0000000085100000, 0x0000000085000000| Complete 
|  81|0x0000000085100000, 0x0000000085200000, 0x0000000085200000|100%|HS|  |TAMS 0x0000000085200000, 0x0000000085100000| Complete 
|  82|0x0000000085200000, 0x0000000085300000, 0x0000000085300000|100%|HC|  |TAMS 0x0000000085300000, 0x0000000085200000| Complete 
|  83|0x0000000085300000, 0x0000000085400000, 0x0000000085400000|100%|HC|  |TAMS 0x0000000085400000, 0x0000000085300000| Complete 
|  84|0x0000000085400000, 0x0000000085500000, 0x0000000085500000|100%|HC|  |TAMS 0x0000000085500000, 0x0000000085400000| Complete 
|  85|0x0000000085500000, 0x0000000085600000, 0x0000000085600000|100%| O|  |TAMS 0x0000000085600000, 0x0000000085500000| Complete 
|  86|0x0000000085600000, 0x0000000085700000, 0x0000000085700000|100%| O|  |TAMS 0x0000000085700000, 0x0000000085600000| Complete 
|  87|0x0000000085700000, 0x0000000085800000, 0x0000000085800000|100%| O|  |TAMS 0x0000000085800000, 0x0000000085700000| Complete 
|  88|0x0000000085800000, 0x0000000085900000, 0x0000000085900000|100%| O|  |TAMS 0x0000000085900000, 0x0000000085800000| Complete 
|  89|0x0000000085900000, 0x0000000085a00000, 0x0000000085a00000|100%| O|  |TAMS 0x0000000085a00000, 0x0000000085900000| Complete 
|  90|0x0000000085a00000, 0x0000000085b00000, 0x0000000085b00000|100%| O|  |TAMS 0x0000000085b00000, 0x0000000085a00000| Complete 
|  91|0x0000000085b00000, 0x0000000085c00000, 0x0000000085c00000|100%| O|  |TAMS 0x0000000085c00000, 0x0000000085b00000| Complete 
|  92|0x0000000085c00000, 0x0000000085d00000, 0x0000000085d00000|100%| O|  |TAMS 0x0000000085d00000, 0x0000000085c00000| Untracked 
|  93|0x0000000085d00000, 0x0000000085e00000, 0x0000000085e00000|100%| O|  |TAMS 0x0000000085e00000, 0x0000000085d00000| Complete 
|  94|0x0000000085e00000, 0x0000000085f00000, 0x0000000085f00000|100%| O|  |TAMS 0x0000000085f00000, 0x0000000085e00000| Complete 
|  95|0x0000000085f00000, 0x0000000086000000, 0x0000000086000000|100%| O|  |TAMS 0x0000000086000000, 0x0000000085f00000| Complete 
|  96|0x0000000086000000, 0x0000000086100000, 0x0000000086100000|100%| O|  |TAMS 0x0000000086100000, 0x0000000086000000| Complete 
|  97|0x0000000086100000, 0x0000000086200000, 0x0000000086200000|100%| O|  |TAMS 0x0000000086200000, 0x0000000086100000| Complete 
|  98|0x0000000086200000, 0x0000000086300000, 0x0000000086300000|100%| O|  |TAMS 0x0000000086300000, 0x0000000086200000| Complete 
|  99|0x0000000086300000, 0x0000000086400000, 0x0000000086400000|100%| O|  |TAMS 0x0000000086400000, 0x0000000086300000| Complete 
| 100|0x0000000086400000, 0x0000000086500000, 0x0000000086500000|100%| O|  |TAMS 0x0000000086500000, 0x0000000086400000| Untracked 
| 101|0x0000000086500000, 0x0000000086600000, 0x0000000086600000|100%| O|  |TAMS 0x0000000086600000, 0x0000000086500000| Complete 
| 102|0x0000000086600000, 0x0000000086700000, 0x0000000086700000|100%| O|  |TAMS 0x0000000086700000, 0x0000000086600000| Complete 
| 103|0x0000000086700000, 0x0000000086800000, 0x0000000086800000|100%| O|  |TAMS 0x0000000086800000, 0x0000000086700000| Complete 
| 104|0x0000000086800000, 0x0000000086900000, 0x0000000086900000|100%| O|  |TAMS 0x0000000086900000, 0x0000000086800000| Complete 
| 105|0x0000000086900000, 0x0000000086a00000, 0x0000000086a00000|100%| O|  |TAMS 0x0000000086a00000, 0x0000000086900000| Complete 
| 106|0x0000000086a00000, 0x0000000086b00000, 0x0000000086b00000|100%| O|  |TAMS 0x0000000086b00000, 0x0000000086a00000| Untracked 
| 107|0x0000000086b00000, 0x0000000086c00000, 0x0000000086c00000|100%| O|  |TAMS 0x0000000086c00000, 0x0000000086b00000| Complete 
| 108|0x0000000086c00000, 0x0000000086d00000, 0x0000000086d00000|100%| O|  |TAMS 0x0000000086d00000, 0x0000000086c00000| Complete 
| 109|0x0000000086d00000, 0x0000000086e00000, 0x0000000086e00000|100%| O|  |TAMS 0x0000000086e00000, 0x0000000086d00000| Complete 
| 110|0x0000000086e00000, 0x0000000086f00000, 0x0000000086f00000|100%| O|  |TAMS 0x0000000086f00000, 0x0000000086e00000| Complete 
| 111|0x0000000086f00000, 0x0000000087000000, 0x0000000087000000|100%| O|  |TAMS 0x0000000087000000, 0x0000000086f00000| Complete 
| 112|0x0000000087000000, 0x0000000087100000, 0x0000000087100000|100%| O|  |TAMS 0x0000000087100000, 0x0000000087000000| Complete 
| 113|0x0000000087100000, 0x0000000087200000, 0x0000000087200000|100%| O|  |TAMS 0x0000000087200000, 0x0000000087100000| Untracked 
| 114|0x0000000087200000, 0x0000000087300000, 0x0000000087300000|100%| O|  |TAMS 0x0000000087300000, 0x0000000087200000| Untracked 
| 115|0x0000000087300000, 0x0000000087400000, 0x0000000087400000|100%| O|  |TAMS 0x0000000087400000, 0x0000000087300000| Untracked 
| 116|0x0000000087400000, 0x0000000087500000, 0x0000000087500000|100%| O|  |TAMS 0x0000000087500000, 0x0000000087400000| Complete 
| 117|0x0000000087500000, 0x00000000875ccc00, 0x0000000087600000| 79%| O|  |TAMS 0x00000000875ccc00, 0x0000000087500000| Untracked 
| 118|0x0000000087600000, 0x0000000087700000, 0x0000000087700000|100%|HS|  |TAMS 0x0000000087600000, 0x0000000087600000| Complete 
| 119|0x0000000087700000, 0x0000000087800000, 0x0000000087800000|100%|HS|  |TAMS 0x0000000087700000, 0x0000000087700000| Complete 
| 120|0x0000000087800000, 0x0000000087900000, 0x0000000087900000|100%|HS|  |TAMS 0x0000000087800000, 0x0000000087800000| Complete 
| 121|0x0000000087900000, 0x0000000087900000, 0x0000000087a00000|  0%| F|  |TAMS 0x0000000087900000, 0x0000000087900000| Untracked 
| 122|0x0000000087a00000, 0x0000000087a00000, 0x0000000087b00000|  0%| F|  |TAMS 0x0000000087a00000, 0x0000000087a00000| Untracked 
| 123|0x0000000087b00000, 0x0000000087b00000, 0x0000000087c00000|  0%| F|  |TAMS 0x0000000087b00000, 0x0000000087b00000| Untracked 
| 124|0x0000000087c00000, 0x0000000087c00000, 0x0000000087d00000|  0%| F|  |TAMS 0x0000000087c00000, 0x0000000087c00000| Untracked 
| 125|0x0000000087d00000, 0x0000000087d00000, 0x0000000087e00000|  0%| F|  |TAMS 0x0000000087d00000, 0x0000000087d00000| Untracked 
| 126|0x0000000087e00000, 0x0000000087e00000, 0x0000000087f00000|  0%| F|  |TAMS 0x0000000087e00000, 0x0000000087e00000| Untracked 
| 127|0x0000000087f00000, 0x0000000087f00000, 0x0000000088000000|  0%| F|  |TAMS 0x0000000087f00000, 0x0000000087f00000| Untracked 
| 128|0x0000000088000000, 0x0000000088000000, 0x0000000088100000|  0%| F|  |TAMS 0x0000000088000000, 0x0000000088000000| Untracked 
| 129|0x0000000088100000, 0x0000000088100000, 0x0000000088200000|  0%| F|  |TAMS 0x0000000088100000, 0x0000000088100000| Untracked 
| 130|0x0000000088200000, 0x0000000088200000, 0x0000000088300000|  0%| F|  |TAMS 0x0000000088200000, 0x0000000088200000| Untracked 
| 131|0x0000000088300000, 0x0000000088300000, 0x0000000088400000|  0%| F|  |TAMS 0x0000000088300000, 0x0000000088300000| Untracked 
| 132|0x0000000088400000, 0x0000000088400000, 0x0000000088500000|  0%| F|  |TAMS 0x0000000088400000, 0x0000000088400000| Untracked 
| 133|0x0000000088500000, 0x0000000088500000, 0x0000000088600000|  0%| F|  |TAMS 0x0000000088500000, 0x0000000088500000| Untracked 
| 134|0x0000000088600000, 0x0000000088600000, 0x0000000088700000|  0%| F|  |TAMS 0x0000000088600000, 0x0000000088600000| Untracked 
| 135|0x0000000088700000, 0x0000000088700000, 0x0000000088800000|  0%| F|  |TAMS 0x0000000088700000, 0x0000000088700000| Untracked 
| 136|0x0000000088800000, 0x0000000088800000, 0x0000000088900000|  0%| F|  |TAMS 0x0000000088800000, 0x0000000088800000| Untracked 
| 137|0x0000000088900000, 0x0000000088900000, 0x0000000088a00000|  0%| F|  |TAMS 0x0000000088900000, 0x0000000088900000| Untracked 
| 138|0x0000000088a00000, 0x0000000088a00000, 0x0000000088b00000|  0%| F|  |TAMS 0x0000000088a00000, 0x0000000088a00000| Untracked 
| 139|0x0000000088b00000, 0x0000000088b00000, 0x0000000088c00000|  0%| F|  |TAMS 0x0000000088b00000, 0x0000000088b00000| Untracked 
| 140|0x0000000088c00000, 0x0000000088c00000, 0x0000000088d00000|  0%| F|  |TAMS 0x0000000088c00000, 0x0000000088c00000| Untracked 
| 141|0x0000000088d00000, 0x0000000088d00000, 0x0000000088e00000|  0%| F|  |TAMS 0x0000000088d00000, 0x0000000088d00000| Untracked 
| 142|0x0000000088e00000, 0x0000000088e00000, 0x0000000088f00000|  0%| F|  |TAMS 0x0000000088e00000, 0x0000000088e00000| Untracked 
| 143|0x0000000088f00000, 0x0000000088f00000, 0x0000000089000000|  0%| F|  |TAMS 0x0000000088f00000, 0x0000000088f00000| Untracked 
| 144|0x0000000089000000, 0x0000000089000000, 0x0000000089100000|  0%| F|  |TAMS 0x0000000089000000, 0x0000000089000000| Untracked 
| 145|0x0000000089100000, 0x0000000089100000, 0x0000000089200000|  0%| F|  |TAMS 0x0000000089100000, 0x0000000089100000| Untracked 
| 146|0x0000000089200000, 0x0000000089200000, 0x0000000089300000|  0%| F|  |TAMS 0x0000000089200000, 0x0000000089200000| Untracked 
| 147|0x0000000089300000, 0x0000000089300000, 0x0000000089400000|  0%| F|  |TAMS 0x0000000089300000, 0x0000000089300000| Untracked 
| 148|0x0000000089400000, 0x0000000089400000, 0x0000000089500000|  0%| F|  |TAMS 0x0000000089400000, 0x0000000089400000| Untracked 
| 149|0x0000000089500000, 0x0000000089500000, 0x0000000089600000|  0%| F|  |TAMS 0x0000000089500000, 0x0000000089500000| Untracked 
| 150|0x0000000089600000, 0x0000000089600000, 0x0000000089700000|  0%| F|  |TAMS 0x0000000089600000, 0x0000000089600000| Untracked 
| 151|0x0000000089700000, 0x0000000089700000, 0x0000000089800000|  0%| F|  |TAMS 0x0000000089700000, 0x0000000089700000| Untracked 
| 152|0x0000000089800000, 0x0000000089800000, 0x0000000089900000|  0%| F|  |TAMS 0x0000000089800000, 0x0000000089800000| Untracked 
| 153|0x0000000089900000, 0x0000000089900000, 0x0000000089a00000|  0%| F|  |TAMS 0x0000000089900000, 0x0000000089900000| Untracked 
| 154|0x0000000089a00000, 0x0000000089a00000, 0x0000000089b00000|  0%| F|  |TAMS 0x0000000089a00000, 0x0000000089a00000| Untracked 
| 155|0x0000000089b00000, 0x0000000089b00000, 0x0000000089c00000|  0%| F|  |TAMS 0x0000000089b00000, 0x0000000089b00000| Untracked 
| 156|0x0000000089c00000, 0x0000000089c00000, 0x0000000089d00000|  0%| F|  |TAMS 0x0000000089c00000, 0x0000000089c00000| Untracked 
| 157|0x0000000089d00000, 0x0000000089d00000, 0x0000000089e00000|  0%| F|  |TAMS 0x0000000089d00000, 0x0000000089d00000| Untracked 
| 158|0x0000000089e00000, 0x0000000089e00000, 0x0000000089f00000|  0%| F|  |TAMS 0x0000000089e00000, 0x0000000089e00000| Untracked 
| 159|0x0000000089f00000, 0x0000000089f00000, 0x000000008a000000|  0%| F|  |TAMS 0x0000000089f00000, 0x0000000089f00000| Untracked 
| 160|0x000000008a000000, 0x000000008a000000, 0x000000008a100000|  0%| F|  |TAMS 0x000000008a000000, 0x000000008a000000| Untracked 
| 161|0x000000008a100000, 0x000000008a100000, 0x000000008a200000|  0%| F|  |TAMS 0x000000008a100000, 0x000000008a100000| Untracked 
| 162|0x000000008a200000, 0x000000008a200000, 0x000000008a300000|  0%| F|  |TAMS 0x000000008a200000, 0x000000008a200000| Untracked 
| 163|0x000000008a300000, 0x000000008a300000, 0x000000008a400000|  0%| F|  |TAMS 0x000000008a300000, 0x000000008a300000| Untracked 
| 164|0x000000008a400000, 0x000000008a400000, 0x000000008a500000|  0%| F|  |TAMS 0x000000008a400000, 0x000000008a400000| Untracked 
| 165|0x000000008a500000, 0x000000008a500000, 0x000000008a600000|  0%| F|  |TAMS 0x000000008a500000, 0x000000008a500000| Untracked 
| 166|0x000000008a600000, 0x000000008a600000, 0x000000008a700000|  0%| F|  |TAMS 0x000000008a600000, 0x000000008a600000| Untracked 
| 167|0x000000008a700000, 0x000000008a700000, 0x000000008a800000|  0%| F|  |TAMS 0x000000008a700000, 0x000000008a700000| Untracked 
| 168|0x000000008a800000, 0x000000008a800000, 0x000000008a900000|  0%| F|  |TAMS 0x000000008a800000, 0x000000008a800000| Untracked 
| 169|0x000000008a900000, 0x000000008a900000, 0x000000008aa00000|  0%| F|  |TAMS 0x000000008a900000, 0x000000008a900000| Untracked 
| 170|0x000000008aa00000, 0x000000008aa00000, 0x000000008ab00000|  0%| F|  |TAMS 0x000000008aa00000, 0x000000008aa00000| Untracked 
| 171|0x000000008ab00000, 0x000000008ab00000, 0x000000008ac00000|  0%| F|  |TAMS 0x000000008ab00000, 0x000000008ab00000| Untracked 
| 172|0x000000008ac00000, 0x000000008ac00000, 0x000000008ad00000|  0%| F|  |TAMS 0x000000008ac00000, 0x000000008ac00000| Untracked 
| 173|0x000000008ad00000, 0x000000008ad00000, 0x000000008ae00000|  0%| F|  |TAMS 0x000000008ad00000, 0x000000008ad00000| Untracked 
| 174|0x000000008ae00000, 0x000000008ae00000, 0x000000008af00000|  0%| F|  |TAMS 0x000000008ae00000, 0x000000008ae00000| Untracked 
| 175|0x000000008af00000, 0x000000008b000000, 0x000000008b000000|100%| S|CS|TAMS 0x000000008af00000, 0x000000008af00000| Complete 
| 176|0x000000008b000000, 0x000000008b100000, 0x000000008b100000|100%| S|CS|TAMS 0x000000008b000000, 0x000000008b000000| Complete 
| 177|0x000000008b100000, 0x000000008b200000, 0x000000008b200000|100%| S|CS|TAMS 0x000000008b100000, 0x000000008b100000| Complete 
| 178|0x000000008b200000, 0x000000008b300000, 0x000000008b300000|100%| S|CS|TAMS 0x000000008b200000, 0x000000008b200000| Complete 
| 179|0x000000008b300000, 0x000000008b400000, 0x000000008b400000|100%| S|CS|TAMS 0x000000008b300000, 0x000000008b300000| Complete 
| 180|0x000000008b400000, 0x000000008b500000, 0x000000008b500000|100%| S|CS|TAMS 0x000000008b400000, 0x000000008b400000| Complete 
| 181|0x000000008b500000, 0x000000008b600000, 0x000000008b600000|100%| S|CS|TAMS 0x000000008b500000, 0x000000008b500000| Complete 
| 182|0x000000008b600000, 0x000000008b700000, 0x000000008b700000|100%| S|CS|TAMS 0x000000008b600000, 0x000000008b600000| Complete 
| 183|0x000000008b700000, 0x000000008b700000, 0x000000008b800000|  0%| F|  |TAMS 0x000000008b700000, 0x000000008b700000| Untracked 
| 184|0x000000008b800000, 0x000000008b900000, 0x000000008b900000|100%| E|  |TAMS 0x000000008b800000, 0x000000008b800000| Complete 
| 185|0x000000008b900000, 0x000000008ba00000, 0x000000008ba00000|100%| E|CS|TAMS 0x000000008b900000, 0x000000008b900000| Complete 
| 186|0x000000008ba00000, 0x000000008bb00000, 0x000000008bb00000|100%| E|CS|TAMS 0x000000008ba00000, 0x000000008ba00000| Complete 
| 187|0x000000008bb00000, 0x000000008bc00000, 0x000000008bc00000|100%| E|CS|TAMS 0x000000008bb00000, 0x000000008bb00000| Complete 
| 188|0x000000008bc00000, 0x000000008bd00000, 0x000000008bd00000|100%| E|CS|TAMS 0x000000008bc00000, 0x000000008bc00000| Complete 
| 189|0x000000008bd00000, 0x000000008be00000, 0x000000008be00000|100%| E|CS|TAMS 0x000000008bd00000, 0x000000008bd00000| Complete 
| 190|0x000000008be00000, 0x000000008bf00000, 0x000000008bf00000|100%| E|CS|TAMS 0x000000008be00000, 0x000000008be00000| Complete 
| 191|0x000000008bf00000, 0x000000008c000000, 0x000000008c000000|100%| E|CS|TAMS 0x000000008bf00000, 0x000000008bf00000| Complete 
| 192|0x000000008c000000, 0x000000008c100000, 0x000000008c100000|100%| E|CS|TAMS 0x000000008c000000, 0x000000008c000000| Complete 
| 193|0x000000008c100000, 0x000000008c200000, 0x000000008c200000|100%| E|CS|TAMS 0x000000008c100000, 0x000000008c100000| Complete 
| 194|0x000000008c200000, 0x000000008c300000, 0x000000008c300000|100%| E|CS|TAMS 0x000000008c200000, 0x000000008c200000| Complete 
| 195|0x000000008c300000, 0x000000008c400000, 0x000000008c400000|100%| E|CS|TAMS 0x000000008c300000, 0x000000008c300000| Complete 
| 196|0x000000008c400000, 0x000000008c500000, 0x000000008c500000|100%| E|CS|TAMS 0x000000008c400000, 0x000000008c400000| Complete 
| 197|0x000000008c500000, 0x000000008c600000, 0x000000008c600000|100%| E|CS|TAMS 0x000000008c500000, 0x000000008c500000| Complete 
| 198|0x000000008c600000, 0x000000008c700000, 0x000000008c700000|100%| E|CS|TAMS 0x000000008c600000, 0x000000008c600000| Complete 
| 199|0x000000008c700000, 0x000000008c800000, 0x000000008c800000|100%| E|CS|TAMS 0x000000008c700000, 0x000000008c700000| Complete 
| 200|0x000000008c800000, 0x000000008c900000, 0x000000008c900000|100%| E|CS|TAMS 0x000000008c800000, 0x000000008c800000| Complete 
| 201|0x000000008c900000, 0x000000008ca00000, 0x000000008ca00000|100%| E|CS|TAMS 0x000000008c900000, 0x000000008c900000| Complete 
| 202|0x000000008ca00000, 0x000000008cb00000, 0x000000008cb00000|100%| E|CS|TAMS 0x000000008ca00000, 0x000000008ca00000| Complete 
| 203|0x000000008cb00000, 0x000000008cc00000, 0x000000008cc00000|100%| E|CS|TAMS 0x000000008cb00000, 0x000000008cb00000| Complete 
| 204|0x000000008cc00000, 0x000000008cd00000, 0x000000008cd00000|100%| E|CS|TAMS 0x000000008cc00000, 0x000000008cc00000| Complete 
| 205|0x000000008cd00000, 0x000000008ce00000, 0x000000008ce00000|100%| E|CS|TAMS 0x000000008cd00000, 0x000000008cd00000| Complete 
| 206|0x000000008ce00000, 0x000000008cf00000, 0x000000008cf00000|100%| E|CS|TAMS 0x000000008ce00000, 0x000000008ce00000| Complete 
| 207|0x000000008cf00000, 0x000000008d000000, 0x000000008d000000|100%| E|CS|TAMS 0x000000008cf00000, 0x000000008cf00000| Complete 
| 208|0x000000008d000000, 0x000000008d100000, 0x000000008d100000|100%| E|CS|TAMS 0x000000008d000000, 0x000000008d000000| Complete 
| 209|0x000000008d100000, 0x000000008d200000, 0x000000008d200000|100%| E|CS|TAMS 0x000000008d100000, 0x000000008d100000| Complete 
| 210|0x000000008d200000, 0x000000008d300000, 0x000000008d300000|100%| E|CS|TAMS 0x000000008d200000, 0x000000008d200000| Complete 
| 211|0x000000008d300000, 0x000000008d400000, 0x000000008d400000|100%| E|CS|TAMS 0x000000008d300000, 0x000000008d300000| Complete 
| 212|0x000000008d400000, 0x000000008d500000, 0x000000008d500000|100%| E|CS|TAMS 0x000000008d400000, 0x000000008d400000| Complete 
| 213|0x000000008d500000, 0x000000008d600000, 0x000000008d600000|100%| E|CS|TAMS 0x000000008d500000, 0x000000008d500000| Complete 
| 214|0x000000008d600000, 0x000000008d700000, 0x000000008d700000|100%| E|CS|TAMS 0x000000008d600000, 0x000000008d600000| Complete 
| 215|0x000000008d700000, 0x000000008d800000, 0x000000008d800000|100%| E|CS|TAMS 0x000000008d700000, 0x000000008d700000| Complete 
| 216|0x000000008d800000, 0x000000008d900000, 0x000000008d900000|100%| E|CS|TAMS 0x000000008d800000, 0x000000008d800000| Complete 
| 217|0x000000008d900000, 0x000000008da00000, 0x000000008da00000|100%| E|CS|TAMS 0x000000008d900000, 0x000000008d900000| Complete 
| 218|0x000000008da00000, 0x000000008db00000, 0x000000008db00000|100%| E|CS|TAMS 0x000000008da00000, 0x000000008da00000| Complete 
| 219|0x000000008db00000, 0x000000008dc00000, 0x000000008dc00000|100%| E|  |TAMS 0x000000008db00000, 0x000000008db00000| Complete 

Card table byte_map: [0x0000013e6b130000,0x0000013e6b530000] _byte_map_base: 0x0000013e6ad30000

Marking Bits (Prev, Next): (CMBitMap*) 0x0000013e57f3d9d0, (CMBitMap*) 0x0000013e57f3d998
 Prev Bits: [0x0000013e6d930000, 0x0000013e6f930000)
 Next Bits: [0x0000013e6b930000, 0x0000013e6d930000)

Polling page: 0x0000013e55f20000

Metaspace:

Usage:
  Non-class:     87.71 MB capacity,    86.17 MB ( 98%) used,     1.27 MB (  1%) free+waste,   287.44 KB ( <1%) overhead. 
      Class:     13.44 MB capacity,    12.53 MB ( 93%) used,   801.57 KB (  6%) free+waste,   130.06 KB ( <1%) overhead. 
       Both:    101.15 MB capacity,    98.70 MB ( 98%) used,     2.05 MB (  2%) free+waste,   417.50 KB ( <1%) overhead. 

Virtual space:
  Non-class space:       90.00 MB reserved,      88.50 MB ( 98%) committed 
      Class space:        1.00 GB reserved,      13.75 MB (  1%) committed 
             Both:        1.09 GB reserved,     102.25 MB (  9%) committed 

Chunk freelists:
   Non-Class:  676.00 KB
       Class:  257.00 KB
        Both:  933.00 KB

MaxMetaspaceSize: 17179869184.00 GB
CompressedClassSpaceSize: 1.00 GB

CodeHeap 'non-profiled nmethods': size=120000Kb used=8576Kb max_used=8576Kb free=111423Kb
 bounds [0x0000013e634d0000, 0x0000013e63d40000, 0x0000013e6aa00000]
CodeHeap 'profiled nmethods': size=120000Kb used=29355Kb max_used=29355Kb free=90644Kb
 bounds [0x0000013e5bfa0000, 0x0000013e5dc50000, 0x0000013e634d0000]
CodeHeap 'non-nmethods': size=5760Kb used=2329Kb max_used=2388Kb free=3430Kb
 bounds [0x0000013e5ba00000, 0x0000013e5bc70000, 0x0000013e5bfa0000]
 total_blobs=14064 nmethods=13141 adapters=834
 compilation: enabled
              stopped_count=0, restarted_count=0
 full_count=0

Compilation events (20 events):
Event: 2118.095 Thread 0x0000013e7238a800 nmethod 13189 0x0000013e5dc3ae10 code [0x0000013e5dc3afc0, 0x0000013e5dc3b0e8]
Event: 2118.095 Thread 0x0000013e7238a800 13190       2       org.apache.xerces.impl.XMLEntityManager$CharacterBufferPool::<init> (24 bytes)
Event: 2118.095 Thread 0x0000013e7238a800 nmethod 13190 0x0000013e5dc3b190 code [0x0000013e5dc3b340, 0x0000013e5dc3b638]
Event: 2118.095 Thread 0x0000013e7238a800 13191       2       org.apache.xerces.impl.XMLEntityManager$CharacterBufferPool::init (33 bytes)
Event: 2118.095 Thread 0x0000013e7238a800 nmethod 13191 0x0000013e5dc3b710 code [0x0000013e5dc3b8c0, 0x0000013e5dc3bbb8]
Event: 2118.095 Thread 0x0000013e7238a800 13192       2       org.apache.xerces.impl.XMLEntityManager::getRecognizedFeatures (10 bytes)
Event: 2118.096 Thread 0x0000013e7238a800 nmethod 13192 0x0000013e5dc3bc90 code [0x0000013e5dc3be40, 0x0000013e5dc3bfa8]
Event: 2118.110 Thread 0x0000013e7238a800 13194       2       java.io.BufferedReader::<init> (62 bytes)
Event: 2118.110 Thread 0x0000013e7238a800 nmethod 13194 0x0000013e5dc3c090 code [0x0000013e5dc3c280, 0x0000013e5dc3c6f8]
Event: 2118.165 Thread 0x0000013e72d1d000 nmethod 13098 0x0000013e63d20110 code [0x0000013e63d20900, 0x0000013e63d274f0]
Event: 2118.166 Thread 0x0000013e72d1d000 13178       4       java.lang.StringCoding::decodeUTF8_0 (897 bytes)
Event: 2118.202 Thread 0x0000013e7238a800 13195       3       com.ctc.wstx.io.WstxInputData::isNameChar (89 bytes)
Event: 2118.203 Thread 0x0000013e7238a800 nmethod 13195 0x0000013e5dc3c890 code [0x0000013e5dc3ca80, 0x0000013e5dc3ceb8]
Event: 2118.203 Thread 0x0000013e7238a800 13196       1       com.ctc.wstx.util.TextBuilder::getCharSize (5 bytes)
Event: 2118.203 Thread 0x0000013e7238a800 nmethod 13196 0x0000013e63d2b990 code [0x0000013e63d2bb40, 0x0000013e63d2bbf8]
Event: 2118.203 Thread 0x0000013e7238a800 13197       3       com.ctc.wstx.util.SymbolTable::findSymbol (251 bytes)
Event: 2118.205 Thread 0x0000013e7238a800 nmethod 13197 0x0000013e5dc3cf90 code [0x0000013e5dc3d2c0, 0x0000013e5dc3e838]
Event: 2118.205 Thread 0x0000013e7238a800 13199       3       com.ctc.wstx.sr.StreamScanner::parseLocalName (135 bytes)
Event: 2118.205 Thread 0x0000013e7238a800 nmethod 13199 0x0000013e5dc3f190 code [0x0000013e5dc3f3c0, 0x0000013e5dc3fa38]
Event: 2118.206 Thread 0x0000013e7238a800 13198       3       com.ctc.wstx.io.WstxInputData::isNameStartChar (59 bytes)

GC Heap History (20 events):
Event: 8.755 GC heap before
{Heap before GC invocations=24 (full 0):
 garbage-first heap   total 155648K, used 119481K [0x0000000080000000, 0x0000000100000000)
  region size 1024K, 22 young (22528K), 2 survivors (2048K)
 Metaspace       used 78870K, capacity 80919K, committed 81024K, reserved 1120256K
  class space    used 10178K, capacity 10875K, committed 10880K, reserved 1048576K
}
Event: 8.757 GC heap after
{Heap after GC invocations=25 (full 0):
 garbage-first heap   total 187392K, used 97626K [0x0000000080000000, 0x0000000100000000)
  region size 1024K, 1 young (1024K), 1 survivors (1024K)
 Metaspace       used 78870K, capacity 80919K, committed 81024K, reserved 1120256K
  class space    used 10178K, capacity 10875K, committed 10880K, reserved 1048576K
}
Event: 9.142 GC heap before
{Heap before GC invocations=25 (full 0):
 garbage-first heap   total 187392K, used 135514K [0x0000000080000000, 0x0000000100000000)
  region size 1024K, 38 young (38912K), 1 survivors (1024K)
 Metaspace       used 84321K, capacity 86340K, committed 86656K, reserved 1124352K
  class space    used 10868K, capacity 11580K, committed 11648K, reserved 1048576K
}
Event: 9.147 GC heap after
{Heap after GC invocations=26 (full 0):
 garbage-first heap   total 187392K, used 99412K [0x0000000080000000, 0x0000000100000000)
  region size 1024K, 3 young (3072K), 3 survivors (3072K)
 Metaspace       used 84321K, capacity 86340K, committed 86656K, reserved 1124352K
  class space    used 10868K, capacity 11580K, committed 11648K, reserved 1048576K
}
Event: 9.530 GC heap before
{Heap before GC invocations=27 (full 0):
 garbage-first heap   total 187392K, used 139348K [0x0000000080000000, 0x0000000100000000)
  region size 1024K, 42 young (43008K), 3 survivors (3072K)
 Metaspace       used 86903K, capacity 89244K, committed 89472K, reserved 1126400K
  class space    used 11251K, capacity 12091K, committed 12160K, reserved 1048576K
}
Event: 9.536 GC heap after
{Heap after GC invocations=28 (full 0):
 garbage-first heap   total 187392K, used 102315K [0x0000000080000000, 0x0000000100000000)
  region size 1024K, 6 young (6144K), 6 survivors (6144K)
 Metaspace       used 86903K, capacity 89244K, committed 89472K, reserved 1126400K
  class space    used 11251K, capacity 12091K, committed 12160K, reserved 1048576K
}
Event: 9.728 GC heap before
{Heap before GC invocations=28 (full 0):
 garbage-first heap   total 187392K, used 141227K [0x0000000080000000, 0x0000000100000000)
  region size 1024K, 45 young (46080K), 6 survivors (6144K)
 Metaspace       used 87710K, capacity 90264K, committed 90496K, reserved 1128448K
  class space    used 11399K, capacity 12325K, committed 12416K, reserved 1048576K
}
Event: 9.734 GC heap after
{Heap after GC invocations=29 (full 0):
 garbage-first heap   total 187392K, used 105076K [0x0000000080000000, 0x0000000100000000)
  region size 1024K, 6 young (6144K), 6 survivors (6144K)
 Metaspace       used 87710K, capacity 90264K, committed 90496K, reserved 1128448K
  class space    used 11399K, capacity 12325K, committed 12416K, reserved 1048576K
}
Event: 10.056 GC heap before
{Heap before GC invocations=30 (full 0):
 garbage-first heap   total 187392K, used 145012K [0x0000000080000000, 0x0000000100000000)
  region size 1024K, 46 young (47104K), 6 survivors (6144K)
 Metaspace       used 88989K, capacity 91547K, committed 91648K, reserved 1128448K
  class space    used 11508K, capacity 12457K, committed 12544K, reserved 1048576K
}
Event: 10.062 GC heap after
{Heap after GC invocations=31 (full 0):
 garbage-first heap   total 187392K, used 107726K [0x0000000080000000, 0x0000000100000000)
  region size 1024K, 6 young (6144K), 6 survivors (6144K)
 Metaspace       used 88989K, capacity 91547K, committed 91648K, reserved 1128448K
  class space    used 11508K, capacity 12457K, committed 12544K, reserved 1048576K
}
Event: 10.453 GC heap before
{Heap before GC invocations=31 (full 0):
 garbage-first heap   total 187392K, used 148686K [0x0000000080000000, 0x0000000100000000)
  region size 1024K, 46 young (47104K), 6 survivors (6144K)
 Metaspace       used 93286K, capacity 96166K, committed 96384K, reserved 1132544K
  class space    used 12111K, capacity 13134K, committed 13184K, reserved 1048576K
}
Event: 10.460 GC heap after
{Heap after GC invocations=32 (full 0):
 garbage-first heap   total 225280K, used 110002K [0x0000000080000000, 0x0000000100000000)
  region size 1024K, 6 young (6144K), 6 survivors (6144K)
 Metaspace       used 93286K, capacity 96166K, committed 96384K, reserved 1132544K
  class space    used 12111K, capacity 13134K, committed 13184K, reserved 1048576K
}
Event: 1097.262 GC heap before
{Heap before GC invocations=33 (full 0):
 garbage-first heap   total 225280K, used 171442K [0x0000000080000000, 0x0000000100000000)
  region size 1024K, 66 young (67584K), 6 survivors (6144K)
 Metaspace       used 95853K, capacity 98744K, committed 99072K, reserved 1134592K
  class space    used 12375K, capacity 13429K, committed 13568K, reserved 1048576K
}
Event: 1097.280 GC heap after
{Heap after GC invocations=34 (full 0):
 garbage-first heap   total 225280K, used 112383K [0x0000000080000000, 0x0000000100000000)
  region size 1024K, 5 young (5120K), 5 survivors (5120K)
 Metaspace       used 95853K, capacity 98744K, committed 99072K, reserved 1134592K
  class space    used 12375K, capacity 13429K, committed 13568K, reserved 1048576K
}
Event: 2114.974 GC heap before
{Heap before GC invocations=34 (full 0):
 garbage-first heap   total 225280K, used 174847K [0x0000000080000000, 0x0000000100000000)
  region size 1024K, 67 young (68608K), 5 survivors (5120K)
 Metaspace       used 97194K, capacity 100140K, committed 100480K, reserved 1136640K
  class space    used 12503K, capacity 13589K, committed 13696K, reserved 1048576K
}
Event: 2115.043 GC heap after
{Heap after GC invocations=35 (full 0):
 garbage-first heap   total 225280K, used 116862K [0x0000000080000000, 0x0000000100000000)
  region size 1024K, 9 young (9216K), 9 survivors (9216K)
 Metaspace       used 97194K, capacity 100140K, committed 100480K, reserved 1136640K
  class space    used 12503K, capacity 13589K, committed 13696K, reserved 1048576K
}
Event: 2116.467 GC heap before
{Heap before GC invocations=36 (full 0):
 garbage-first heap   total 225280K, used 178302K [0x0000000080000000, 0x0000000100000000)
  region size 1024K, 70 young (71680K), 9 survivors (9216K)
 Metaspace       used 99802K, capacity 102576K, committed 103296K, reserved 1138688K
  class space    used 12734K, capacity 13728K, committed 13952K, reserved 1048576K
}
Event: 2116.501 GC heap after
{Heap after GC invocations=37 (full 0):
 garbage-first heap   total 225280K, used 120506K [0x0000000080000000, 0x0000000100000000)
  region size 1024K, 4 young (4096K), 4 survivors (4096K)
 Metaspace       used 99802K, capacity 102576K, committed 103296K, reserved 1138688K
  class space    used 12734K, capacity 13728K, committed 13952K, reserved 1048576K
}
Event: 2117.525 GC heap before
{Heap before GC invocations=37 (full 0):
 garbage-first heap   total 225280K, used 156346K [0x0000000080000000, 0x0000000100000000)
  region size 1024K, 41 young (41984K), 4 survivors (4096K)
 Metaspace       used 100417K, capacity 103152K, committed 103808K, reserved 1138688K
  class space    used 12784K, capacity 13769K, committed 13952K, reserved 1048576K
}
Event: 2117.570 GC heap after
{Heap after GC invocations=38 (full 0):
 garbage-first heap   total 225280K, used 128819K [0x0000000080000000, 0x0000000100000000)
  region size 1024K, 8 young (8192K), 8 survivors (8192K)
 Metaspace       used 100417K, capacity 103152K, committed 103808K, reserved 1138688K
  class space    used 12784K, capacity 13769K, committed 13952K, reserved 1048576K
}

Deoptimization events (20 events):
Event: 2117.861 Thread 0x0000013e787ae800 DEOPT PACKING pc=0x0000013e63d09d84 sp=0x0000002611ef9a20
Event: 2117.862 Thread 0x0000013e787ae800 DEOPT UNPACKING pc=0x0000013e5ba083af sp=0x0000002611ef9950 mode 2
Event: 2117.862 Thread 0x0000013e787ae800 Uncommon trap: trap_request=0xffffff4d fr.pc=0x0000013e63cec7d4 relative=0x0000000000000034
Event: 2117.862 Thread 0x0000013e787ae800 Uncommon trap: reason=unstable_if action=reinterpret pc=0x0000013e63cec7d4 method=java.lang.Character.isSurrogate(C)Z @ 3 c2
Event: 2117.862 Thread 0x0000013e787ae800 DEOPT PACKING pc=0x0000013e63cec7d4 sp=0x0000002611ef99b0
Event: 2117.862 Thread 0x0000013e787ae800 DEOPT UNPACKING pc=0x0000013e5ba083af sp=0x0000002611ef9948 mode 2
Event: 2117.890 Thread 0x0000013e787ae800 DEOPT PACKING pc=0x0000013e5dc1a317 sp=0x0000002611ef9990
Event: 2117.890 Thread 0x0000013e787ae800 DEOPT UNPACKING pc=0x0000013e5ba27c0e sp=0x0000002611ef8eb0 mode 0
Event: 2117.979 Thread 0x0000013e787ae800 DEOPT PACKING pc=0x0000013e5dc1a317 sp=0x0000002611ef9990
Event: 2117.979 Thread 0x0000013e787ae800 DEOPT UNPACKING pc=0x0000013e5ba27c0e sp=0x0000002611ef8eb0 mode 0
Event: 2117.997 Thread 0x0000013e787ae800 DEOPT PACKING pc=0x0000013e5dc1a317 sp=0x0000002611ef9990
Event: 2117.997 Thread 0x0000013e787ae800 DEOPT UNPACKING pc=0x0000013e5ba27c0e sp=0x0000002611ef8eb0 mode 0
Event: 2118.014 Thread 0x0000013e787ae800 DEOPT PACKING pc=0x0000013e5dc1a317 sp=0x0000002611ef9990
Event: 2118.014 Thread 0x0000013e787ae800 DEOPT UNPACKING pc=0x0000013e5ba27c0e sp=0x0000002611ef8eb0 mode 0
Event: 2118.025 Thread 0x0000013e787ae800 DEOPT PACKING pc=0x0000013e5dc1a317 sp=0x0000002611ef9990
Event: 2118.025 Thread 0x0000013e787ae800 DEOPT UNPACKING pc=0x0000013e5ba27c0e sp=0x0000002611ef8eb0 mode 0
Event: 2118.080 Thread 0x0000013e787ae800 DEOPT PACKING pc=0x0000013e5dc1a56a sp=0x0000002611ef9990
Event: 2118.080 Thread 0x0000013e787ae800 DEOPT UNPACKING pc=0x0000013e5ba27c0e sp=0x0000002611ef8eb0 mode 0
Event: 2118.083 Thread 0x0000013e787ae800 DEOPT PACKING pc=0x0000013e5dc1a56a sp=0x0000002611ef9990
Event: 2118.083 Thread 0x0000013e787ae800 DEOPT UNPACKING pc=0x0000013e5ba27c0e sp=0x0000002611ef8eb0 mode 0

Classes redefined (0 events):
No events

Internal exceptions (20 events):
Event: 2115.445 Thread 0x0000013e7a760800 Exception <a 'java/lang/NoSuchMethodError'{0x000000008cf3e0a0}: <clinit>> (0x000000008cf3e0a0) thrown at [./src/hotspot/share/prims/jni.cpp, line 1362]
Event: 2115.475 Thread 0x0000013e787ac800 Exception <a 'java/lang/NoSuchMethodError'{0x000000008cd91130}: <clinit>> (0x000000008cd91130) thrown at [./src/hotspot/share/prims/jni.cpp, line 1362]
Event: 2115.480 Thread 0x0000013e787ac800 Exception <a 'java/lang/NoSuchMethodError'{0x000000008cd9f328}: <clinit>> (0x000000008cd9f328) thrown at [./src/hotspot/share/prims/jni.cpp, line 1362]
Event: 2115.483 Thread 0x0000013e787ac800 Exception <a 'java/lang/NoSuchMethodError'{0x000000008cdb9378}: <clinit>> (0x000000008cdb9378) thrown at [./src/hotspot/share/prims/jni.cpp, line 1362]
Event: 2115.483 Thread 0x0000013e787ac800 Implicit null exception at 0x0000013e6395293f to 0x0000013e63955358
Event: 2115.505 Thread 0x0000013e7a760800 Exception <a 'java/lang/NoSuchMethodError'{0x000000008ccae1a8}: <clinit>> (0x000000008ccae1a8) thrown at [./src/hotspot/share/prims/jni.cpp, line 1362]
Event: 2115.506 Thread 0x0000013e7a75c800 Exception <a 'java/lang/NoSuchMethodError'{0x000000008cc7fe18}: 'java.lang.Object java.lang.invoke.DirectMethodHandle$Holder.invokeInterface(java.lang.Object, java.lang.Object, int)'> (0x000000008cc7fe18) thrown at [./src/hotspot/share/interpreter/linkResolver.cpp, line 773]
Event: 2115.508 Thread 0x0000013e7a75c800 Exception <a 'java/lang/NoSuchMethodError'{0x000000008ccbaa90}: 'void java.lang.invoke.DirectMethodHandle$Holder.invokeStatic(java.lang.Object, java.lang.Object, java.lang.Object, int)'> (0x000000008ccbaa90) thrown at [./src/hotspot/share/interpreter/linkResolver.cpp, line 773]
Event: 2115.577 Thread 0x0000013e7553e800 Implicit null exception at 0x0000013e637a3ff5 to 0x0000013e637a4868
Event: 2115.591 Thread 0x0000013e7a75c800 Implicit null exception at 0x0000013e63c4880d to 0x0000013e63c4c7fc
Event: 2115.658 Thread 0x0000013e7a75c800 Implicit null exception at 0x0000013e63903a7d to 0x0000013e63906db8
Event: 2115.695 Thread 0x0000013e7a75c800 Exception <a 'java/lang/NoSuchMethodError'{0x000000008c7d9560}: 'void java.lang.invoke.DirectMethodHandle$Holder.invokeStatic(java.lang.Object, java.lang.Object, java.lang.Object, java.lang.Object, java.lang.Object, java.lang.Object, java.lang.Object)'> (0x000000008c7d9560) thrown at [./src/hotspot/share/interpreter/linkResolver.cpp, line 773]
Event: 2115.707 Thread 0x0000013e75541000 Implicit null exception at 0x0000013e637a3142 to 0x0000013e637a375c
Event: 2115.714 Thread 0x0000013e7a760800 Exception <a 'java/lang/NoSuchMethodError'{0x000000008c6e99a0}: <clinit>> (0x000000008c6e99a0) thrown at [./src/hotspot/share/prims/jni.cpp, line 1362]
Event: 2115.725 Thread 0x0000013e7a75c800 Exception <a 'sun/nio/fs/WindowsException'{0x000000008c6fa010}> (0x000000008c6fa010) thrown at [./src/hotspot/share/prims/jni.cpp, line 615]
Event: 2115.725 Thread 0x0000013e7a75c800 Exception <a 'sun/nio/fs/WindowsException'{0x000000008c6fb950}> (0x000000008c6fb950) thrown at [./src/hotspot/share/prims/jni.cpp, line 615]
Event: 2115.781 Thread 0x0000013e7a8ba800 Exception <a 'sun/nio/fs/WindowsException'{0x000000008c3a4f50}> (0x000000008c3a4f50) thrown at [./src/hotspot/share/prims/jni.cpp, line 615]
Event: 2116.129 Thread 0x0000013e787a8000 Exception <a 'java/lang/NoSuchMethodError'{0x000000008b0b8d08}: <clinit>> (0x000000008b0b8d08) thrown at [./src/hotspot/share/prims/jni.cpp, line 1362]
Event: 2116.154 Thread 0x0000013e7b3dc000 Implicit null exception at 0x0000013e63c94b21 to 0x0000013e63c95404
Event: 2116.167 Thread 0x0000013e7b3dc000 Implicit null exception at 0x0000013e63c93952 to 0x0000013e63c93d28

Events (20 events):
Event: 2118.192 loading class com/ctc/wstx/util/StringVector
Event: 2118.192 loading class com/ctc/wstx/util/StringVector done
Event: 2118.193 loading class com/ctc/wstx/sr/AttributeCollector
Event: 2118.193 loading class com/ctc/wstx/sr/AttributeCollector done
Event: 2118.196 loading class com/ctc/wstx/util/InternCache
Event: 2118.196 loading class com/ctc/wstx/util/InternCache done
Event: 2118.197 loading class com/ctc/wstx/util/TextBuilder
Event: 2118.197 loading class com/ctc/wstx/util/TextBuilder done
Event: 2118.197 loading class com/ctc/wstx/util/TextBuffer
Event: 2118.197 loading class com/ctc/wstx/util/TextBuffer done
Event: 2118.199 loading class java/io/CharArrayReader
Event: 2118.199 loading class java/io/CharArrayReader done
Event: 2118.199 loading class com/ctc/wstx/util/TextBuffer$BufferReader
Event: 2118.199 loading class com/ctc/wstx/util/TextBuffer$BufferReader done
Event: 2118.200 loading class com/ctc/wstx/sr/Element
Event: 2118.200 loading class com/ctc/wstx/sr/Element done
Event: 2118.201 loading class com/ctc/wstx/sr/Attribute
Event: 2118.201 loading class com/ctc/wstx/sr/Attribute done
Event: 2118.204 loading class com/ctc/wstx/io/BufferRecycler
Event: 2118.204 loading class com/ctc/wstx/io/BufferRecycler done


Dynamic libraries:
0x00007ff64f230000 - 0x00007ff64f23a000 	C:\Program Files\Android\Android Studio\jre\bin\java.exe
0x00007ffbf9fa0000 - 0x00007ffbfa1a9000 	C:\WINDOWS\SYSTEM32\ntdll.dll
0x00007ffbf9d70000 - 0x00007ffbf9e2d000 	C:\WINDOWS\System32\KERNEL32.DLL
0x00007ffbf75b0000 - 0x00007ffbf7924000 	C:\WINDOWS\System32\KERNELBASE.dll
0x00007ffbf7bb0000 - 0x00007ffbf7cc1000 	C:\WINDOWS\System32\ucrtbase.dll
0x00007ffbf2410000 - 0x00007ffbf2427000 	C:\Program Files\Android\Android Studio\jre\bin\VCRUNTIME140.dll
0x00007ffbf23f0000 - 0x00007ffbf2409000 	C:\Program Files\Android\Android Studio\jre\bin\jli.dll
0x00007ffbf83d0000 - 0x00007ffbf857c000 	C:\WINDOWS\System32\USER32.dll
0x00007ffbf79a0000 - 0x00007ffbf79c6000 	C:\WINDOWS\System32\win32u.dll
0x00007ffbd3960000 - 0x00007ffbd3c05000 	C:\WINDOWS\WinSxS\amd64_microsoft.windows.common-controls_6595b64144ccf1df_6.0.22000.120_none_9d947278b86cc467\COMCTL32.dll
0x00007ffbf8ee0000 - 0x00007ffbf8f09000 	C:\WINDOWS\System32\GDI32.dll
0x00007ffbf80f0000 - 0x00007ffbf8193000 	C:\WINDOWS\System32\msvcrt.dll
0x00007ffbf7490000 - 0x00007ffbf75a2000 	C:\WINDOWS\System32\gdi32full.dll
0x00007ffbf7b10000 - 0x00007ffbf7bad000 	C:\WINDOWS\System32\msvcp_win.dll
0x00007ffbf8220000 - 0x00007ffbf8251000 	C:\WINDOWS\System32\IMM32.DLL
0x00007ffbd9760000 - 0x00007ffbd97fd000 	C:\Program Files\Android\Android Studio\jre\bin\msvcp140.dll
0x00007ffb9abb0000 - 0x00007ffb9b685000 	C:\Program Files\Android\Android Studio\jre\bin\server\jvm.dll
0x00007ffbf9e90000 - 0x00007ffbf9f3e000 	C:\WINDOWS\System32\ADVAPI32.dll
0x00007ffbf7f60000 - 0x00007ffbf7ffe000 	C:\WINDOWS\System32\sechost.dll
0x00007ffbf87b0000 - 0x00007ffbf88d0000 	C:\WINDOWS\System32\RPCRT4.dll
0x00007ffbf9d60000 - 0x00007ffbf9d68000 	C:\WINDOWS\System32\PSAPI.DLL
0x00007ffbf1cb0000 - 0x00007ffbf1cb9000 	C:\WINDOWS\SYSTEM32\WSOCK32.dll
0x00007ffbf1a00000 - 0x00007ffbf1a33000 	C:\WINDOWS\SYSTEM32\WINMM.dll
0x00007ffbf1d20000 - 0x00007ffbf1d2a000 	C:\WINDOWS\SYSTEM32\VERSION.dll
0x00007ffbf81a0000 - 0x00007ffbf820f000 	C:\WINDOWS\System32\WS2_32.dll
0x00007ffbf6680000 - 0x00007ffbf6698000 	C:\WINDOWS\SYSTEM32\kernel.appcore.dll
0x00007ffbd75d0000 - 0x00007ffbd75e1000 	C:\Program Files\Android\Android Studio\jre\bin\verify.dll
0x00007ffbf4bc0000 - 0x00007ffbf4de1000 	C:\WINDOWS\SYSTEM32\DBGHELP.DLL
0x00007ffbd33c0000 - 0x00007ffbd33f1000 	C:\WINDOWS\SYSTEM32\dbgcore.DLL
0x00007ffbf7a90000 - 0x00007ffbf7b0f000 	C:\WINDOWS\System32\bcryptPrimitives.dll
0x00007ffbd1760000 - 0x00007ffbd1789000 	C:\Program Files\Android\Android Studio\jre\bin\java.dll
0x00007ffbe0d30000 - 0x00007ffbe0d3b000 	C:\Program Files\Android\Android Studio\jre\bin\jimage.dll
0x00007ffbd38b0000 - 0x00007ffbd38c8000 	C:\Program Files\Android\Android Studio\jre\bin\zip.dll
0x00007ffbf93f0000 - 0x00007ffbf9b9e000 	C:\WINDOWS\System32\SHELL32.dll
0x00007ffbf5600000 - 0x00007ffbf5e68000 	C:\WINDOWS\SYSTEM32\windows.storage.dll
0x00007ffbf88d0000 - 0x00007ffbf8c48000 	C:\WINDOWS\System32\combase.dll
0x00007ffbf5490000 - 0x00007ffbf55f6000 	C:\WINDOWS\SYSTEM32\wintypes.dll
0x00007ffbf8000000 - 0x00007ffbf80ea000 	C:\WINDOWS\System32\SHCORE.dll
0x00007ffbf8740000 - 0x00007ffbf879d000 	C:\WINDOWS\System32\shlwapi.dll
0x00007ffbf73c0000 - 0x00007ffbf73e1000 	C:\WINDOWS\SYSTEM32\profapi.dll
0x00007ffbc3240000 - 0x00007ffbc325a000 	C:\Program Files\Android\Android Studio\jre\bin\net.dll
0x00007ffbf22c0000 - 0x00007ffbf23cc000 	C:\WINDOWS\SYSTEM32\WINHTTP.dll
0x00007ffbf6ab0000 - 0x00007ffbf6b17000 	C:\WINDOWS\system32\mswsock.dll
0x00007ffbc30b0000 - 0x00007ffbc30c4000 	C:\Program Files\Android\Android Studio\jre\bin\nio.dll
0x00007ffbdbc90000 - 0x00007ffbdbcb7000 	C:\Users\majma\.gradle\native\e1d6ef7f7dcc3fd88c89a11ec53ec762bb8ba0a96d01ffa2cd45eb1d1d8dd5c5\windows-amd64\native-platform.dll
0x00007ffbaf6b0000 - 0x00007ffbaf7f4000 	C:\Users\majma\.gradle\native\5664cfc778a61ccfe75a443a1ab52a65af34e5dc3c78e0209fed803814484fcb\windows-amd64\native-platform-file-events.dll
0x00007ffbdd480000 - 0x00007ffbdd48a000 	C:\Program Files\Android\Android Studio\jre\bin\management.dll
0x00007ffbdd000000 - 0x00007ffbdd00d000 	C:\Program Files\Android\Android Studio\jre\bin\management_ext.dll
0x00007ffbf6d00000 - 0x00007ffbf6d18000 	C:\WINDOWS\SYSTEM32\CRYPTSP.dll
0x00007ffbf65e0000 - 0x00007ffbf6615000 	C:\WINDOWS\system32\rsaenh.dll
0x00007ffbf6ba0000 - 0x00007ffbf6bc9000 	C:\WINDOWS\SYSTEM32\USERENV.dll
0x00007ffbf6e70000 - 0x00007ffbf6e97000 	C:\WINDOWS\SYSTEM32\bcrypt.dll
0x00007ffbf6cf0000 - 0x00007ffbf6cfc000 	C:\WINDOWS\SYSTEM32\CRYPTBASE.dll
0x00007ffbf61b0000 - 0x00007ffbf61dd000 	C:\WINDOWS\SYSTEM32\IPHLPAPI.DLL
0x00007ffbf87a0000 - 0x00007ffbf87a9000 	C:\WINDOWS\System32\NSI.dll
0x00007ffbf1d30000 - 0x00007ffbf1d49000 	C:\WINDOWS\SYSTEM32\dhcpcsvc6.DLL
0x00007ffbf1d50000 - 0x00007ffbf1d6e000 	C:\WINDOWS\SYSTEM32\dhcpcsvc.DLL
0x00007ffbf6220000 - 0x00007ffbf6307000 	C:\WINDOWS\SYSTEM32\DNSAPI.dll

dbghelp: loaded successfully - version: 4.0.5 - missing functions: none
symbol engine: initialized successfully - sym options: 0x614 - pdb path: .;C:\Program Files\Android\Android Studio\jre\bin;C:\WINDOWS\SYSTEM32;C:\WINDOWS\WinSxS\amd64_microsoft.windows.common-controls_6595b64144ccf1df_6.0.22000.120_none_9d947278b86cc467;C:\Program Files\Android\Android Studio\jre\bin\server;C:\Users\majma\.gradle\native\e1d6ef7f7dcc3fd88c89a11ec53ec762bb8ba0a96d01ffa2cd45eb1d1d8dd5c5\windows-amd64;C:\Users\majma\.gradle\native\5664cfc778a61ccfe75a443a1ab52a65af34e5dc3c78e0209fed803814484fcb\windows-amd64

VM Arguments:
jvm_args: --add-opens=java.base/java.util=ALL-UNNAMED --add-opens=java.base/java.lang=ALL-UNNAMED --add-opens=java.base/java.lang.invoke=ALL-UNNAMED --add-opens=java.base/java.util=ALL-UNNAMED --add-opens=java.prefs/java.util.prefs=ALL-UNNAMED --add-opens=java.prefs/java.util.prefs=ALL-UNNAMED --add-opens=java.base/java.nio.charset=ALL-UNNAMED --add-opens=java.base/java.net=ALL-UNNAMED --add-opens=java.base/java.util.concurrent.atomic=ALL-UNNAMED -Xmx2048m -Dfile.encoding=UTF-8 -Duser.country=US -Duser.language=en -Duser.variant 
java_command: org.gradle.launcher.daemon.bootstrap.GradleDaemon 7.2
java_class_path (initial): C:\Users\majma\.gradle\wrapper\dists\gradle-7.2-bin\2dnblmf4td7x66yl1d74lt32g\gradle-7.2\lib\gradle-launcher-7.2.jar
Launcher Type: SUN_STANDARD

[Global flags]
     intx CICompilerCount                          = 4                                         {product} {ergonomic}
     uint ConcGCThreads                            = 2                                         {product} {ergonomic}
     uint G1ConcRefinementThreads                  = 8                                         {product} {ergonomic}
   size_t G1HeapRegionSize                         = 1048576                                   {product} {ergonomic}
    uintx GCDrainStackTargetSize                   = 64                                        {product} {ergonomic}
   size_t InitialHeapSize                          = 132120576                                 {product} {ergonomic}
   size_t MarkStackSize                            = 4194304                                   {product} {ergonomic}
   size_t MaxHeapSize                              = 2147483648                                {product} {command line}
   size_t MaxNewSize                               = 1287651328                                {product} {ergonomic}
   size_t MinHeapDeltaBytes                        = 1048576                                   {product} {ergonomic}
    uintx NonNMethodCodeHeapSize                   = 5836300                                {pd product} {ergonomic}
    uintx NonProfiledCodeHeapSize                  = 122910970                              {pd product} {ergonomic}
    uintx ProfiledCodeHeapSize                     = 122910970                              {pd product} {ergonomic}
    uintx ReservedCodeCacheSize                    = 251658240                              {pd product} {ergonomic}
     bool SegmentedCodeCache                       = true                                      {product} {ergonomic}
     bool UseCompressedClassPointers               = true                                 {lp64_product} {ergonomic}
     bool UseCompressedOops                        = true                                 {lp64_product} {ergonomic}
     bool UseG1GC                                  = true                                      {product} {ergonomic}
     bool UseLargePagesIndividualAllocation        = false                                  {pd product} {ergonomic}

Logging:
Log output configuration:
 #0: stdout all=warning uptime,level,tags
 #1: stderr all=off uptime,level,tags

Environment Variables:
PATH=C:\Program Files\Common Files\Oracle\Java\javapath;C:\WINDOWS\system32;C:\WINDOWS;C:\WINDOWS\System32\Wbem;C:\WINDOWS\System32\WindowsPowerShell\v1.0\;C:\WINDOWS\System32\OpenSSH\;C:\Program Files\Java\jdk-17.0.2\bin;C:\Program Files\Git\cmd;C:\Users\majma\AppData\Local\Microsoft\WindowsApps;C:\Users\majma\AppData\Local\Programs\Microsoft VS Code\bin
USERNAME=majma
OS=Windows_NT
PROCESSOR_IDENTIFIER=Intel64 Family 6 Model 140 Stepping 1, GenuineIntel



---------------  S Y S T E M  ---------------

OS: Windows 10 , 64 bit Build 22000 (10.0.22000.434)
OS uptime: 4 days 8:11 hours

CPU:total 8 (initial active 8) (4 cores per cpu, 2 threads per core) family 6 model 140 stepping 1 microcode 0x86, cmov, cx8, fxsr, mmx, sse, sse2, sse3, ssse3, sse4.1, sse4.2, popcnt, avx, avx2, aes, clmul, erms, 3dnowpref, lzcnt, ht, tsc, tscinvbit, bmi1, bmi2, adx, evex, sha, fma

Memory: 4k page, system-wide physical 7959M (403M free)
TotalPageFile size 10959M (AvailPageFile size 2M)
current process WorkingSet (physical memory assigned to process): 434M, peak: 504M
current process commit charge ("private bytes"): 559M, peak: 562M

vm_info: OpenJDK 64-Bit Server VM (11.0.11+9-b60-7590822) for windows-amd64 JRE (11.0.11+9-b60-7590822), built on Jul 29 2021 21:43:44 by "builder" with MS VC++ 14.0 (VS2015)

END.
